<<<<<<< HEAD
[2018-06-27 10:59:24] local.ERROR: include(/luozhen/CLW/routes/Pc/h): failed to open stream: No such file or directory {"exception":"[object] (ErrorException(code: 0): include(/luozhen/CLW/routes/Pc/h): failed to open stream: No such file or directory at /luozhen/CLW/vendor/composer/ClassLoader.php:444)
[stacktrace]
#0 /luozhen/CLW/vendor/composer/ClassLoader.php(444): Illuminate\\Foundation\\Bootstrap\\HandleExceptions->handleError(2, 'include(/luozhe...', '/luozhen/CLW/ve...', 444, Array)
#1 /luozhen/CLW/vendor/composer/ClassLoader.php(444): include()
#2 /luozhen/CLW/routes/web.php(54): Composer\\Autoload\\includeFile('/luozhen/CLW/ro...')
#3 /luozhen/CLW/vendor/laravel/framework/src/Illuminate/Routing/Router.php(389): Illuminate\\Routing\\Router->{closure}(Object(Illuminate\\Routing\\Router))
#4 /luozhen/CLW/vendor/laravel/framework/src/Illuminate/Routing/Router.php(349): Illuminate\\Routing\\Router->loadRoutes(Object(Closure))
#5 /luozhen/CLW/vendor/laravel/framework/src/Illuminate/Support/Facades/Facade.php(221): Illuminate\\Routing\\Router->group(Array, Object(Closure))
#6 /luozhen/CLW/routes/web.php(55): Illuminate\\Support\\Facades\\Facade::__callStatic('group', Array)
#7 /luozhen/CLW/vendor/laravel/framework/src/Illuminate/Routing/Router.php(393): require('/luozhen/CLW/ro...')
#8 /luozhen/CLW/vendor/laravel/framework/src/Illuminate/Routing/Router.php(349): Illuminate\\Routing\\Router->loadRoutes('/luozhen/CLW/ro...')
#9 /luozhen/CLW/vendor/laravel/framework/src/Illuminate/Routing/RouteRegistrar.php(105): Illuminate\\Routing\\Router->group(Array, '/luozhen/CLW/ro...')
#10 /luozhen/CLW/app/Providers/RouteServiceProvider.php(56): Illuminate\\Routing\\RouteRegistrar->group('/luozhen/CLW/ro...')
#11 /luozhen/CLW/app/Providers/RouteServiceProvider.php(40): App\\Providers\\RouteServiceProvider->mapWebRoutes()
#12 [internal function]: App\\Providers\\RouteServiceProvider->map()
#13 /luozhen/CLW/vendor/laravel/framework/src/Illuminate/Container/BoundMethod.php(29): call_user_func_array(Array, Array)
#14 /luozhen/CLW/vendor/laravel/framework/src/Illuminate/Container/BoundMethod.php(87): Illuminate\\Container\\BoundMethod::Illuminate\\Container\\{closure}()
#15 /luozhen/CLW/vendor/laravel/framework/src/Illuminate/Container/BoundMethod.php(31): Illuminate\\Container\\BoundMethod::callBoundMethod(Object(Illuminate\\Foundation\\Application), Array, Object(Closure))
#16 /luozhen/CLW/vendor/laravel/framework/src/Illuminate/Container/Container.php(549): Illuminate\\Container\\BoundMethod::call(Object(Illuminate\\Foundation\\Application), Array, Array, NULL)
#17 /luozhen/CLW/vendor/laravel/framework/src/Illuminate/Foundation/Support/Providers/RouteServiceProvider.php(74): Illuminate\\Container\\Container->call(Array)
#18 /luozhen/CLW/vendor/laravel/framework/src/Illuminate/Foundation/Support/Providers/RouteServiceProvider.php(33): Illuminate\\Foundation\\Support\\Providers\\RouteServiceProvider->loadRoutes()
#19 /luozhen/CLW/app/Providers/RouteServiceProvider.php(28): Illuminate\\Foundation\\Support\\Providers\\RouteServiceProvider->boot()
#20 [internal function]: App\\Providers\\RouteServiceProvider->boot()
#21 /luozhen/CLW/vendor/laravel/framework/src/Illuminate/Container/BoundMethod.php(29): call_user_func_array(Array, Array)
#22 /luozhen/CLW/vendor/laravel/framework/src/Illuminate/Container/BoundMethod.php(87): Illuminate\\Container\\BoundMethod::Illuminate\\Container\\{closure}()
#23 /luozhen/CLW/vendor/laravel/framework/src/Illuminate/Container/BoundMethod.php(31): Illuminate\\Container\\BoundMethod::callBoundMethod(Object(Illuminate\\Foundation\\Application), Array, Object(Closure))
#24 /luozhen/CLW/vendor/laravel/framework/src/Illuminate/Container/Container.php(549): Illuminate\\Container\\BoundMethod::call(Object(Illuminate\\Foundation\\Application), Array, Array, NULL)
#25 /luozhen/CLW/vendor/laravel/framework/src/Illuminate/Foundation/Application.php(792): Illuminate\\Container\\Container->call(Array)
#26 /luozhen/CLW/vendor/laravel/framework/src/Illuminate/Foundation/Application.php(775): Illuminate\\Foundation\\Application->bootProvider(Object(App\\Providers\\RouteServiceProvider))
#27 [internal function]: Illuminate\\Foundation\\Application->Illuminate\\Foundation\\{closure}(Object(App\\Providers\\RouteServiceProvider), 22)
#28 /luozhen/CLW/vendor/laravel/framework/src/Illuminate/Foundation/Application.php(776): array_walk(Array, Object(Closure))
#29 /luozhen/CLW/vendor/laravel/framework/src/Illuminate/Foundation/Bootstrap/BootProviders.php(17): Illuminate\\Foundation\\Application->boot()
#30 /luozhen/CLW/vendor/laravel/framework/src/Illuminate/Foundation/Application.php(213): Illuminate\\Foundation\\Bootstrap\\BootProviders->bootstrap(Object(Illuminate\\Foundation\\Application))
#31 /luozhen/CLW/vendor/laravel/framework/src/Illuminate/Foundation/Http/Kernel.php(162): Illuminate\\Foundation\\Application->bootstrapWith(Array)
#32 /luozhen/CLW/vendor/laravel/framework/src/Illuminate/Foundation/Http/Kernel.php(146): Illuminate\\Foundation\\Http\\Kernel->bootstrap()
#33 /luozhen/CLW/vendor/laravel/framework/src/Illuminate/Foundation/Http/Kernel.php(116): Illuminate\\Foundation\\Http\\Kernel->sendRequestThroughRouter(Object(Illuminate\\Http\\Request))
#34 /luozhen/CLW/public/index.php(55): Illuminate\\Foundation\\Http\\Kernel->handle(Object(Illuminate\\Http\\Request))
#35 {main}
"} 
[2018-06-27 11:00:50] local.INFO: select * from `admins`  
[2018-06-27 11:00:50] local.INFO: select * from `admins` where (`name` = ?) limit 1  
[2018-06-27 11:00:50] local.INFO: select * from `oauth_personal_access_clients` order by `id` desc limit 1  
[2018-06-27 11:00:50] local.INFO: select * from `oauth_clients` where `oauth_clients`.`id` = ? limit 1  
[2018-06-27 11:00:50] local.INFO: select * from `oauth_clients` where `oauth_clients`.`id` = ? limit 1  
[2018-06-27 11:00:50] local.INFO: insert into `oauth_access_tokens` (`id`, `user_id`, `client_id`, `scopes`, `revoked`, `created_at`, `updated_at`, `expires_at`) values (?, ?, ?, ?, ?, ?, ?, ?)  
[2018-06-27 11:00:50] local.INFO: select * from `oauth_access_tokens` where `oauth_access_tokens`.`id` = ? limit 1  
[2018-06-27 11:00:50] local.INFO: update `oauth_access_tokens` set `name` = ? where `id` = ?  
[2018-06-27 11:00:51] local.INFO: select * from `oauth_access_tokens` where `oauth_access_tokens`.`id` = ? limit 1  
[2018-06-27 11:00:51] local.INFO: select * from `admins` where `id` = ? limit 1  
[2018-06-27 11:00:51] local.INFO: select * from `oauth_access_tokens` where `oauth_access_tokens`.`id` = ? limit 1  
[2018-06-27 11:00:51] local.INFO: select * from `oauth_clients` where `oauth_clients`.`id` = ? limit 1  
[2018-06-27 11:00:51] local.INFO: select * from `oauth_access_tokens` where `oauth_access_tokens`.`id` = ? limit 1  
[2018-06-27 11:00:51] local.INFO: select * from `users` where `id` = ? limit 1  
[2018-06-27 11:00:51] local.INFO: select * from `oauth_access_tokens` where `oauth_access_tokens`.`id` = ? limit 1  
[2018-06-27 11:00:51] local.INFO: select * from `oauth_clients` where `oauth_clients`.`id` = ? limit 1  
[2018-06-27 11:00:59] local.INFO: select * from `oauth_access_tokens` where `oauth_access_tokens`.`id` = ? limit 1  
[2018-06-27 11:00:59] local.INFO: select * from `admins` where `id` = ? limit 1  
[2018-06-27 11:00:59] local.INFO: select * from `oauth_access_tokens` where `oauth_access_tokens`.`id` = ? limit 1  
[2018-06-27 11:00:59] local.INFO: select * from `oauth_clients` where `oauth_clients`.`id` = ? limit 1  
[2018-06-27 11:00:59] local.INFO: select * from `oauth_access_tokens` where `oauth_access_tokens`.`id` = ? limit 1  
[2018-06-27 11:00:59] local.INFO: select * from `users` where `id` = ? limit 1  
[2018-06-27 11:00:59] local.INFO: select * from `oauth_access_tokens` where `oauth_access_tokens`.`id` = ? limit 1  
[2018-06-27 11:00:59] local.INFO: select * from `oauth_clients` where `oauth_clients`.`id` = ? limit 1  
[2018-06-27 11:01:00] local.INFO: select count(*) as aggregate from `information` where `information`.`deleted_at` is null  
[2018-06-27 11:01:00] local.INFO: select * from `information` where `information`.`deleted_at` is null limit 10 offset 0  
[2018-06-27 11:01:00] local.INFO: select * from `oauth_access_tokens` where `oauth_access_tokens`.`id` = ? limit 1  
[2018-06-27 11:01:00] local.INFO: select * from `users` where `id` = ? limit 1  
[2018-06-27 11:01:00] local.INFO: select * from `oauth_access_tokens` where `oauth_access_tokens`.`id` = ? limit 1  
[2018-06-27 11:01:00] local.INFO: select * from `oauth_clients` where `oauth_clients`.`id` = ? limit 1  
[2018-06-27 11:01:00] local.INFO: select * from `oauth_access_tokens` where `oauth_access_tokens`.`id` = ? limit 1  
[2018-06-27 11:01:00] local.INFO: select * from `admins` where `id` = ? limit 1  
[2018-06-27 11:01:00] local.INFO: select * from `oauth_access_tokens` where `oauth_access_tokens`.`id` = ? limit 1  
[2018-06-27 11:01:00] local.INFO: select * from `oauth_clients` where `oauth_clients`.`id` = ? limit 1  
[2018-06-27 11:01:08] local.INFO: select * from `admins`  
[2018-06-27 11:01:08] local.INFO: select * from `admins` where (`name` = ?) limit 1  
[2018-06-27 11:01:08] local.INFO: select * from `oauth_personal_access_clients` order by `id` desc limit 1  
[2018-06-27 11:01:08] local.INFO: select * from `oauth_clients` where `oauth_clients`.`id` = ? limit 1  
[2018-06-27 11:01:08] local.INFO: select * from `oauth_clients` where `oauth_clients`.`id` = ? limit 1  
[2018-06-27 11:01:08] local.INFO: insert into `oauth_access_tokens` (`id`, `user_id`, `client_id`, `scopes`, `revoked`, `created_at`, `updated_at`, `expires_at`) values (?, ?, ?, ?, ?, ?, ?, ?)  
[2018-06-27 11:01:08] local.INFO: select * from `oauth_access_tokens` where `oauth_access_tokens`.`id` = ? limit 1  
[2018-06-27 11:01:08] local.INFO: update `oauth_access_tokens` set `name` = ? where `id` = ?  
[2018-06-27 11:01:08] local.INFO: select * from `oauth_access_tokens` where `oauth_access_tokens`.`id` = ? limit 1  
[2018-06-27 11:01:08] local.INFO: select * from `admins` where `id` = ? limit 1  
[2018-06-27 11:01:08] local.INFO: select * from `oauth_access_tokens` where `oauth_access_tokens`.`id` = ? limit 1  
[2018-06-27 11:01:08] local.INFO: select * from `oauth_clients` where `oauth_clients`.`id` = ? limit 1  
[2018-06-27 11:01:08] local.INFO: select * from `oauth_access_tokens` where `oauth_access_tokens`.`id` = ? limit 1  
[2018-06-27 11:01:08] local.INFO: select * from `users` where `id` = ? limit 1  
[2018-06-27 11:01:08] local.INFO: select * from `oauth_access_tokens` where `oauth_access_tokens`.`id` = ? limit 1  
[2018-06-27 11:01:08] local.INFO: select * from `oauth_clients` where `oauth_clients`.`id` = ? limit 1  
[2018-06-27 11:01:22] local.INFO: select * from `buildings` where `id` = ? limit 1  
[2018-06-27 11:01:22] local.INFO: select `office_building_houses`.*, `building_blocks`.`building_id` from `office_building_houses` inner join `building_blocks` on `building_blocks`.`id` = `office_building_houses`.`building_block_id` where `building_blocks`.`building_id` = ? and `shelf` = ? and `office_building_houses`.`deleted_at` is null  
[2018-06-27 11:01:22] local.INFO: select `building_features`.*, `CLW`.`building_has_features`.`building_id` as `pivot_building_id`, `CLW`.`building_has_features`.`building_feature_id` as `pivot_building_feature_id` from `building_features` inner join `CLW`.`building_has_features` on `building_features`.`id` = `CLW`.`building_has_features`.`building_feature_id` where `CLW`.`building_has_features`.`building_id` = ?  
[2018-06-27 11:01:22] local.INFO: select * from `building_labels` where `building_labels`.`building_id` = ? and `building_labels`.`building_id` is not null limit 1  
[2018-06-27 11:01:22] local.INFO: select * from `blocks` where `blocks`.`id` = ? limit 1  
[2018-06-27 11:01:22] local.INFO: select * from `blocks` where `id` = ? limit 1  
[2018-06-27 11:01:22] local.INFO: select * from `buildings` where `buildings`.`block_id` in (?)  
[2018-06-27 11:01:22] local.INFO: select * from `building_blocks` where `building_blocks`.`building_id` in (?, ?, ?, ?, ?, ?, ?, ?, ?, ?, ?, ?, ?, ?, ?, ?, ?, ?, ?, ?, ?, ?, ?, ?, ?, ?, ?, ?, ?, ?, ?, ?, ?, ?, ?, ?, ?, ?, ?, ?, ?, ?, ?, ?, ?, ?, ?, ?, ?, ?, ?, ?, ?, ?, ?, ?, ?)  
[2018-06-27 11:01:22] local.INFO: select * from `office_building_houses` where `office_building_houses`.`building_block_id` in (?, ?, ?, ?, ?, ?, ?, ?, ?, ?, ?, ?, ?, ?, ?, ?, ?, ?, ?, ?, ?, ?, ?, ?, ?, ?, ?, ?, ?, ?, ?, ?, ?, ?, ?, ?, ?, ?, ?, ?, ?, ?, ?, ?, ?, ?, ?, ?, ?, ?, ?, ?, ?, ?, ?, ?, ?, ?, ?, ?, ?, ?, ?, ?, ?, ?, ?, ?, ?, ?, ?, ?, ?, ?, ?, ?, ?, ?, ?, ?, ?, ?, ?, ?, ?, ?, ?, ?, ?, ?, ?, ?, ?, ?, ?, ?, ?, ?, ?, ?, ?, ?, ?, ?, ?, ?, ?, ?, ?, ?, ?, ?, ?, ?, ?, ?, ?, ?, ?, ?, ?, ?, ?, ?, ?, ?, ?, ?, ?, ?, ?, ?, ?, ?, ?, ?, ?, ?, ?, ?, ?, ?, ?, ?, ?, ?, ?, ?, ?, ?, ?, ?, ?, ?, ?, ?, ?, ?, ?, ?, ?, ?, ?, ?, ?, ?, ?, ?, ?, ?, ?, ?, ?, ?, ?, ?, ?, ?, ?, ?, ?, ?, ?, ?, ?, ?, ?, ?, ?, ?) and `office_building_houses`.`deleted_at` is null  
[2018-06-27 11:01:22] local.INFO: select * from `areas` where `areas`.`id` = ? limit 1  
[2018-06-27 11:01:22] local.INFO: select * from `areas` where `id` = ? limit 1  
[2018-06-27 11:01:22] local.INFO: select * from `buildings` where `buildings`.`area_id` in (?)  
[2018-06-27 11:01:22] local.INFO: select * from `building_blocks` where `building_blocks`.`building_id` in (?, ?, ?, ?, ?, ?, ?, ?, ?, ?, ?, ?, ?, ?, ?, ?, ?, ?, ?, ?, ?, ?, ?, ?, ?, ?, ?, ?, ?, ?, ?, ?, ?, ?, ?, ?, ?, ?, ?, ?, ?, ?, ?, ?, ?, ?, ?, ?, ?, ?, ?, ?, ?, ?, ?, ?, ?, ?, ?, ?, ?, ?, ?, ?, ?, ?, ?, ?, ?, ?, ?, ?, ?, ?, ?, ?, ?, ?, ?, ?, ?, ?, ?, ?, ?, ?, ?, ?, ?, ?, ?)  
[2018-06-27 11:01:22] local.INFO: select * from `office_building_houses` where `office_building_houses`.`building_block_id` in (?, ?, ?, ?, ?, ?, ?, ?, ?, ?, ?, ?, ?, ?, ?, ?, ?, ?, ?, ?, ?, ?, ?, ?, ?, ?, ?, ?, ?, ?, ?, ?, ?, ?, ?, ?, ?, ?, ?, ?, ?, ?, ?, ?, ?, ?, ?, ?, ?, ?, ?, ?, ?, ?, ?, ?, ?, ?, ?, ?, ?, ?, ?, ?, ?, ?, ?, ?, ?, ?, ?, ?, ?, ?, ?, ?, ?, ?, ?, ?, ?, ?, ?, ?, ?, ?, ?, ?, ?, ?, ?, ?, ?, ?, ?, ?, ?, ?, ?, ?, ?, ?, ?, ?, ?, ?, ?, ?, ?, ?, ?, ?, ?, ?, ?, ?, ?, ?, ?, ?, ?, ?, ?, ?, ?, ?, ?, ?, ?, ?, ?, ?, ?, ?, ?, ?, ?, ?, ?, ?, ?, ?, ?, ?, ?, ?, ?, ?, ?, ?, ?, ?, ?, ?, ?, ?, ?, ?, ?, ?, ?, ?, ?, ?, ?, ?, ?, ?, ?, ?, ?, ?, ?, ?, ?, ?, ?, ?, ?, ?, ?, ?, ?, ?, ?, ?, ?, ?, ?, ?, ?, ?, ?, ?, ?, ?, ?, ?, ?, ?, ?, ?, ?, ?, ?, ?, ?, ?, ?, ?, ?, ?, ?, ?, ?, ?, ?, ?, ?, ?, ?, ?, ?, ?, ?, ?, ?, ?, ?, ?, ?, ?, ?, ?, ?, ?, ?, ?, ?, ?, ?, ?, ?, ?, ?, ?, ?, ?, ?, ?, ?, ?, ?, ?, ?, ?, ?, ?, ?, ?, ?, ?, ?, ?, ?, ?, ?, ?, ?, ?, ?, ?, ?, ?, ?, ?, ?, ?, ?, ?, ?, ?, ?, ?, ?, ?, ?, ?, ?, ?, ?, ?, ?, ?, ?, ?, ?, ?, ?, ?, ?, ?, ?, ?, ?, ?, ?, ?, ?, ?, ?, ?, ?, ?, ?, ?, ?, ?, ?, ?, ?, ?, ?, ?, ?, ?, ?, ?, ?, ?, ?, ?, ?, ?, ?, ?, ?, ?, ?, ?, ?, ?, ?, ?, ?, ?, ?, ?, ?, ?, ?, ?, ?, ?, ?) and `office_building_houses`.`deleted_at` is null  
[2018-06-27 11:01:22] local.INFO: select * from `buildings` where `area_id` = ?  
[2018-06-27 11:01:22] local.INFO: select `id` from `building_blocks` where `building_id` in (?, ?, ?, ?, ?, ?, ?, ?, ?, ?, ?, ?, ?, ?, ?, ?, ?, ?, ?, ?, ?, ?, ?, ?, ?, ?, ?, ?, ?, ?, ?, ?, ?, ?, ?, ?, ?, ?, ?, ?, ?, ?, ?, ?, ?, ?, ?, ?, ?, ?, ?, ?, ?, ?, ?, ?, ?, ?, ?, ?, ?, ?, ?, ?, ?, ?, ?, ?, ?, ?, ?, ?, ?, ?, ?, ?, ?, ?, ?, ?, ?, ?, ?, ?, ?, ?, ?, ?, ?, ?, ?)  
[2018-06-27 11:01:22] local.INFO: select * from `office_building_houses` where `building_block_id` in (?, ?, ?, ?, ?, ?, ?, ?, ?, ?, ?, ?, ?, ?, ?, ?, ?, ?, ?, ?, ?, ?, ?, ?, ?, ?, ?, ?, ?, ?, ?, ?, ?, ?, ?, ?, ?, ?, ?, ?, ?, ?, ?, ?, ?, ?, ?, ?, ?, ?, ?, ?, ?, ?, ?, ?, ?, ?, ?, ?, ?, ?, ?, ?, ?, ?, ?, ?, ?, ?, ?, ?, ?, ?, ?, ?, ?, ?, ?, ?, ?, ?, ?, ?, ?, ?, ?, ?, ?, ?, ?, ?, ?, ?, ?, ?, ?, ?, ?, ?, ?, ?, ?, ?, ?, ?, ?, ?, ?, ?, ?, ?, ?, ?, ?, ?, ?, ?, ?, ?, ?, ?, ?, ?, ?, ?, ?, ?, ?, ?, ?, ?, ?, ?, ?, ?, ?, ?, ?, ?, ?, ?, ?, ?, ?, ?, ?, ?, ?, ?, ?, ?, ?, ?, ?, ?, ?, ?, ?, ?, ?, ?, ?, ?, ?, ?, ?, ?, ?, ?, ?, ?, ?, ?, ?, ?, ?, ?, ?, ?, ?, ?, ?, ?, ?, ?, ?, ?, ?, ?, ?, ?, ?, ?, ?, ?, ?, ?, ?, ?, ?, ?, ?, ?, ?, ?, ?, ?, ?, ?, ?, ?, ?, ?, ?, ?, ?, ?, ?, ?, ?, ?, ?, ?, ?, ?, ?, ?, ?, ?, ?, ?, ?, ?, ?, ?, ?, ?, ?, ?, ?, ?, ?, ?, ?, ?, ?, ?, ?, ?, ?, ?, ?, ?, ?, ?, ?, ?, ?, ?, ?, ?, ?, ?, ?, ?, ?, ?, ?, ?, ?, ?, ?, ?, ?, ?, ?, ?, ?, ?, ?, ?, ?, ?, ?, ?, ?, ?, ?, ?, ?, ?, ?, ?, ?, ?, ?, ?, ?, ?, ?, ?, ?, ?, ?, ?, ?, ?, ?, ?, ?, ?, ?, ?, ?, ?, ?, ?, ?, ?, ?, ?, ?, ?, ?, ?, ?, ?, ?, ?, ?, ?, ?, ?, ?, ?, ?, ?, ?, ?, ?, ?, ?, ?, ?, ?, ?, ?, ?, ?, ?, ?, ?, ?, ?) and `house_busine_state` = ? and `shelf` = ? and `office_building_houses`.`deleted_at` is null  
[2018-06-27 11:01:22] local.INFO: select * from `building_blocks` where `building_blocks`.`id` in (?, ?, ?, ?, ?, ?, ?, ?, ?, ?, ?, ?, ?, ?, ?, ?, ?, ?, ?, ?, ?, ?, ?, ?, ?, ?, ?, ?, ?, ?, ?, ?, ?, ?, ?, ?, ?, ?, ?, ?, ?, ?, ?, ?, ?, ?, ?, ?, ?, ?, ?, ?, ?, ?, ?, ?, ?, ?, ?, ?, ?, ?, ?, ?, ?, ?, ?, ?, ?, ?, ?, ?, ?, ?, ?, ?, ?, ?, ?, ?, ?, ?, ?, ?, ?, ?, ?, ?, ?, ?, ?, ?, ?, ?, ?, ?, ?, ?, ?, ?, ?, ?, ?, ?, ?, ?, ?, ?, ?, ?, ?, ?, ?, ?, ?, ?, ?, ?, ?, ?, ?, ?, ?, ?, ?, ?, ?, ?, ?, ?, ?, ?, ?, ?)  
[2018-06-27 11:01:22] local.INFO: select * from `buildings` where `id` in (?, ?, ?, ?, ?, ?, ?, ?, ?, ?, ?, ?, ?, ?, ?, ?, ?, ?, ?, ?, ?, ?, ?, ?, ?, ?, ?, ?, ?, ?, ?, ?, ?, ?, ?, ?, ?, ?, ?, ?, ?, ?, ?, ?, ?, ?, ?, ?, ?, ?, ?, ?, ?, ?, ?, ?, ?)  
[2018-06-27 11:01:22] local.INFO: select * from `blocks` where `blocks`.`id` in (?, ?, ?, ?, ?, ?)  
[2018-06-27 11:01:22] local.INFO: select `building_features`.*, `CLW`.`building_has_features`.`building_id` as `pivot_building_id`, `CLW`.`building_has_features`.`building_feature_id` as `pivot_building_feature_id` from `building_features` inner join `CLW`.`building_has_features` on `building_features`.`id` = `CLW`.`building_has_features`.`building_feature_id` where `CLW`.`building_has_features`.`building_id` in (?, ?, ?, ?, ?, ?, ?, ?, ?, ?, ?, ?, ?, ?, ?, ?, ?, ?, ?, ?, ?, ?, ?, ?, ?, ?, ?, ?, ?, ?, ?, ?, ?, ?, ?, ?, ?, ?, ?, ?, ?, ?, ?, ?, ?, ?, ?, ?, ?, ?, ?, ?, ?, ?, ?, ?, ?)  
[2018-06-27 11:01:22] local.INFO: select * from `areas` where `areas`.`id` in (?)  
[2018-06-27 11:01:22] local.INFO: select * from `building_labels` where `building_labels`.`building_id` in (?, ?, ?, ?, ?, ?, ?, ?, ?, ?, ?, ?, ?, ?, ?, ?, ?, ?, ?, ?, ?, ?, ?, ?, ?, ?, ?, ?, ?, ?, ?, ?, ?, ?, ?, ?, ?, ?, ?, ?, ?, ?, ?, ?, ?, ?, ?, ?, ?, ?, ?, ?, ?, ?, ?, ?, ?)  
[2018-06-27 11:01:22] local.INFO: select `office_building_houses`.*, `building_blocks`.`building_id` from `office_building_houses` inner join `building_blocks` on `building_blocks`.`id` = `office_building_houses`.`building_block_id` where `shelf` = ? and `building_blocks`.`building_id` in (?, ?, ?, ?, ?, ?, ?, ?, ?, ?, ?, ?, ?, ?, ?, ?, ?, ?, ?, ?, ?, ?, ?, ?, ?, ?, ?, ?, ?, ?, ?, ?, ?, ?, ?, ?, ?, ?, ?, ?, ?, ?, ?, ?, ?, ?, ?, ?, ?, ?, ?, ?, ?, ?, ?, ?, ?) and `office_building_houses`.`deleted_at` is null  
[2018-06-27 11:01:25] local.INFO: select * from `buildings` where `id` = ? limit 1  
[2018-06-27 11:01:25] local.INFO: select `office_building_houses`.*, `building_blocks`.`building_id` from `office_building_houses` inner join `building_blocks` on `building_blocks`.`id` = `office_building_houses`.`building_block_id` where `building_blocks`.`building_id` = ? and `shelf` = ? and `office_building_houses`.`deleted_at` is null  
[2018-06-27 11:01:25] local.INFO: select `building_features`.*, `CLW`.`building_has_features`.`building_id` as `pivot_building_id`, `CLW`.`building_has_features`.`building_feature_id` as `pivot_building_feature_id` from `building_features` inner join `CLW`.`building_has_features` on `building_features`.`id` = `CLW`.`building_has_features`.`building_feature_id` where `CLW`.`building_has_features`.`building_id` = ?  
[2018-06-27 11:01:25] local.INFO: select * from `building_labels` where `building_labels`.`building_id` = ? and `building_labels`.`building_id` is not null limit 1  
[2018-06-27 11:01:25] local.INFO: select * from `blocks` where `blocks`.`id` = ? limit 1  
[2018-06-27 11:01:25] local.INFO: select * from `blocks` where `id` = ? limit 1  
[2018-06-27 11:01:25] local.INFO: select * from `buildings` where `buildings`.`block_id` in (?)  
[2018-06-27 11:01:25] local.INFO: select * from `building_blocks` where `building_blocks`.`building_id` in (?, ?, ?, ?, ?, ?, ?, ?, ?, ?, ?, ?, ?, ?, ?, ?, ?, ?, ?, ?, ?, ?, ?, ?, ?, ?, ?, ?, ?, ?, ?, ?, ?, ?, ?, ?, ?, ?, ?, ?, ?, ?, ?, ?, ?, ?, ?, ?, ?, ?, ?, ?, ?, ?, ?, ?, ?)  
[2018-06-27 11:01:25] local.INFO: select * from `office_building_houses` where `office_building_houses`.`building_block_id` in (?, ?, ?, ?, ?, ?, ?, ?, ?, ?, ?, ?, ?, ?, ?, ?, ?, ?, ?, ?, ?, ?, ?, ?, ?, ?, ?, ?, ?, ?, ?, ?, ?, ?, ?, ?, ?, ?, ?, ?, ?, ?, ?, ?, ?, ?, ?, ?, ?, ?, ?, ?, ?, ?, ?, ?, ?, ?, ?, ?, ?, ?, ?, ?, ?, ?, ?, ?, ?, ?, ?, ?, ?, ?, ?, ?, ?, ?, ?, ?, ?, ?, ?, ?, ?, ?, ?, ?, ?, ?, ?, ?, ?, ?, ?, ?, ?, ?, ?, ?, ?, ?, ?, ?, ?, ?, ?, ?, ?, ?, ?, ?, ?, ?, ?, ?, ?, ?, ?, ?, ?, ?, ?, ?, ?, ?, ?, ?, ?, ?, ?, ?, ?, ?, ?, ?, ?, ?, ?, ?, ?, ?, ?, ?, ?, ?, ?, ?, ?, ?, ?, ?, ?, ?, ?, ?, ?, ?, ?, ?, ?, ?, ?, ?, ?, ?, ?, ?, ?, ?, ?, ?, ?, ?, ?, ?, ?, ?, ?, ?, ?, ?, ?, ?, ?, ?, ?, ?, ?, ?) and `office_building_houses`.`deleted_at` is null  
[2018-06-27 11:01:25] local.INFO: select * from `areas` where `areas`.`id` = ? limit 1  
[2018-06-27 11:01:25] local.INFO: select * from `areas` where `id` = ? limit 1  
[2018-06-27 11:01:25] local.INFO: select * from `buildings` where `buildings`.`area_id` in (?)  
[2018-06-27 11:01:25] local.INFO: select * from `building_blocks` where `building_blocks`.`building_id` in (?, ?, ?, ?, ?, ?, ?, ?, ?, ?, ?, ?, ?, ?, ?, ?, ?, ?, ?, ?, ?, ?, ?, ?, ?, ?, ?, ?, ?, ?, ?, ?, ?, ?, ?, ?, ?, ?, ?, ?, ?, ?, ?, ?, ?, ?, ?, ?, ?, ?, ?, ?, ?, ?, ?, ?, ?, ?, ?, ?, ?, ?, ?, ?, ?, ?, ?, ?, ?, ?, ?, ?, ?, ?, ?, ?, ?, ?, ?, ?, ?, ?, ?, ?, ?, ?, ?, ?, ?, ?, ?)  
[2018-06-27 11:01:25] local.INFO: select * from `office_building_houses` where `office_building_houses`.`building_block_id` in (?, ?, ?, ?, ?, ?, ?, ?, ?, ?, ?, ?, ?, ?, ?, ?, ?, ?, ?, ?, ?, ?, ?, ?, ?, ?, ?, ?, ?, ?, ?, ?, ?, ?, ?, ?, ?, ?, ?, ?, ?, ?, ?, ?, ?, ?, ?, ?, ?, ?, ?, ?, ?, ?, ?, ?, ?, ?, ?, ?, ?, ?, ?, ?, ?, ?, ?, ?, ?, ?, ?, ?, ?, ?, ?, ?, ?, ?, ?, ?, ?, ?, ?, ?, ?, ?, ?, ?, ?, ?, ?, ?, ?, ?, ?, ?, ?, ?, ?, ?, ?, ?, ?, ?, ?, ?, ?, ?, ?, ?, ?, ?, ?, ?, ?, ?, ?, ?, ?, ?, ?, ?, ?, ?, ?, ?, ?, ?, ?, ?, ?, ?, ?, ?, ?, ?, ?, ?, ?, ?, ?, ?, ?, ?, ?, ?, ?, ?, ?, ?, ?, ?, ?, ?, ?, ?, ?, ?, ?, ?, ?, ?, ?, ?, ?, ?, ?, ?, ?, ?, ?, ?, ?, ?, ?, ?, ?, ?, ?, ?, ?, ?, ?, ?, ?, ?, ?, ?, ?, ?, ?, ?, ?, ?, ?, ?, ?, ?, ?, ?, ?, ?, ?, ?, ?, ?, ?, ?, ?, ?, ?, ?, ?, ?, ?, ?, ?, ?, ?, ?, ?, ?, ?, ?, ?, ?, ?, ?, ?, ?, ?, ?, ?, ?, ?, ?, ?, ?, ?, ?, ?, ?, ?, ?, ?, ?, ?, ?, ?, ?, ?, ?, ?, ?, ?, ?, ?, ?, ?, ?, ?, ?, ?, ?, ?, ?, ?, ?, ?, ?, ?, ?, ?, ?, ?, ?, ?, ?, ?, ?, ?, ?, ?, ?, ?, ?, ?, ?, ?, ?, ?, ?, ?, ?, ?, ?, ?, ?, ?, ?, ?, ?, ?, ?, ?, ?, ?, ?, ?, ?, ?, ?, ?, ?, ?, ?, ?, ?, ?, ?, ?, ?, ?, ?, ?, ?, ?, ?, ?, ?, ?, ?, ?, ?, ?, ?, ?, ?, ?, ?, ?, ?, ?, ?, ?, ?, ?, ?, ?, ?, ?, ?, ?, ?, ?) and `office_building_houses`.`deleted_at` is null  
[2018-06-27 11:01:25] local.INFO: select * from `buildings` where `area_id` = ?  
[2018-06-27 11:01:25] local.INFO: select `id` from `building_blocks` where `building_id` in (?, ?, ?, ?, ?, ?, ?, ?, ?, ?, ?, ?, ?, ?, ?, ?, ?, ?, ?, ?, ?, ?, ?, ?, ?, ?, ?, ?, ?, ?, ?, ?, ?, ?, ?, ?, ?, ?, ?, ?, ?, ?, ?, ?, ?, ?, ?, ?, ?, ?, ?, ?, ?, ?, ?, ?, ?, ?, ?, ?, ?, ?, ?, ?, ?, ?, ?, ?, ?, ?, ?, ?, ?, ?, ?, ?, ?, ?, ?, ?, ?, ?, ?, ?, ?, ?, ?, ?, ?, ?, ?)  
[2018-06-27 11:01:25] local.INFO: select * from `office_building_houses` where `building_block_id` in (?, ?, ?, ?, ?, ?, ?, ?, ?, ?, ?, ?, ?, ?, ?, ?, ?, ?, ?, ?, ?, ?, ?, ?, ?, ?, ?, ?, ?, ?, ?, ?, ?, ?, ?, ?, ?, ?, ?, ?, ?, ?, ?, ?, ?, ?, ?, ?, ?, ?, ?, ?, ?, ?, ?, ?, ?, ?, ?, ?, ?, ?, ?, ?, ?, ?, ?, ?, ?, ?, ?, ?, ?, ?, ?, ?, ?, ?, ?, ?, ?, ?, ?, ?, ?, ?, ?, ?, ?, ?, ?, ?, ?, ?, ?, ?, ?, ?, ?, ?, ?, ?, ?, ?, ?, ?, ?, ?, ?, ?, ?, ?, ?, ?, ?, ?, ?, ?, ?, ?, ?, ?, ?, ?, ?, ?, ?, ?, ?, ?, ?, ?, ?, ?, ?, ?, ?, ?, ?, ?, ?, ?, ?, ?, ?, ?, ?, ?, ?, ?, ?, ?, ?, ?, ?, ?, ?, ?, ?, ?, ?, ?, ?, ?, ?, ?, ?, ?, ?, ?, ?, ?, ?, ?, ?, ?, ?, ?, ?, ?, ?, ?, ?, ?, ?, ?, ?, ?, ?, ?, ?, ?, ?, ?, ?, ?, ?, ?, ?, ?, ?, ?, ?, ?, ?, ?, ?, ?, ?, ?, ?, ?, ?, ?, ?, ?, ?, ?, ?, ?, ?, ?, ?, ?, ?, ?, ?, ?, ?, ?, ?, ?, ?, ?, ?, ?, ?, ?, ?, ?, ?, ?, ?, ?, ?, ?, ?, ?, ?, ?, ?, ?, ?, ?, ?, ?, ?, ?, ?, ?, ?, ?, ?, ?, ?, ?, ?, ?, ?, ?, ?, ?, ?, ?, ?, ?, ?, ?, ?, ?, ?, ?, ?, ?, ?, ?, ?, ?, ?, ?, ?, ?, ?, ?, ?, ?, ?, ?, ?, ?, ?, ?, ?, ?, ?, ?, ?, ?, ?, ?, ?, ?, ?, ?, ?, ?, ?, ?, ?, ?, ?, ?, ?, ?, ?, ?, ?, ?, ?, ?, ?, ?, ?, ?, ?, ?, ?, ?, ?, ?, ?, ?, ?, ?, ?, ?, ?, ?, ?, ?, ?, ?, ?, ?, ?) and `house_busine_state` = ? and `shelf` = ? and `office_building_houses`.`deleted_at` is null  
[2018-06-27 11:01:25] local.INFO: select * from `building_blocks` where `building_blocks`.`id` in (?, ?, ?, ?, ?, ?, ?, ?, ?, ?, ?, ?, ?, ?, ?, ?, ?, ?, ?, ?, ?, ?, ?, ?, ?, ?, ?, ?, ?, ?, ?, ?, ?, ?, ?, ?, ?, ?, ?, ?, ?, ?, ?, ?, ?, ?, ?, ?, ?, ?, ?, ?, ?, ?, ?, ?, ?, ?, ?, ?, ?, ?, ?, ?, ?, ?, ?, ?, ?, ?, ?, ?, ?, ?, ?, ?, ?, ?, ?, ?, ?, ?, ?, ?, ?, ?, ?, ?, ?, ?, ?, ?, ?, ?, ?, ?, ?, ?, ?, ?, ?, ?, ?, ?, ?, ?, ?, ?, ?, ?, ?, ?, ?, ?, ?, ?, ?, ?, ?, ?, ?, ?, ?, ?, ?, ?, ?, ?, ?, ?, ?, ?, ?, ?)  
[2018-06-27 11:01:25] local.INFO: select * from `buildings` where `id` in (?, ?, ?, ?, ?, ?, ?, ?, ?, ?, ?, ?, ?, ?, ?, ?, ?, ?, ?, ?, ?, ?, ?, ?, ?, ?, ?, ?, ?, ?, ?, ?, ?, ?, ?, ?, ?, ?, ?, ?, ?, ?, ?, ?, ?, ?, ?, ?, ?, ?, ?, ?, ?, ?, ?, ?, ?)  
[2018-06-27 11:01:25] local.INFO: select * from `blocks` where `blocks`.`id` in (?, ?, ?, ?, ?, ?)  
[2018-06-27 11:01:25] local.INFO: select `building_features`.*, `CLW`.`building_has_features`.`building_id` as `pivot_building_id`, `CLW`.`building_has_features`.`building_feature_id` as `pivot_building_feature_id` from `building_features` inner join `CLW`.`building_has_features` on `building_features`.`id` = `CLW`.`building_has_features`.`building_feature_id` where `CLW`.`building_has_features`.`building_id` in (?, ?, ?, ?, ?, ?, ?, ?, ?, ?, ?, ?, ?, ?, ?, ?, ?, ?, ?, ?, ?, ?, ?, ?, ?, ?, ?, ?, ?, ?, ?, ?, ?, ?, ?, ?, ?, ?, ?, ?, ?, ?, ?, ?, ?, ?, ?, ?, ?, ?, ?, ?, ?, ?, ?, ?, ?)  
[2018-06-27 11:01:25] local.INFO: select * from `areas` where `areas`.`id` in (?)  
[2018-06-27 11:01:25] local.INFO: select * from `building_labels` where `building_labels`.`building_id` in (?, ?, ?, ?, ?, ?, ?, ?, ?, ?, ?, ?, ?, ?, ?, ?, ?, ?, ?, ?, ?, ?, ?, ?, ?, ?, ?, ?, ?, ?, ?, ?, ?, ?, ?, ?, ?, ?, ?, ?, ?, ?, ?, ?, ?, ?, ?, ?, ?, ?, ?, ?, ?, ?, ?, ?, ?)  
[2018-06-27 11:01:25] local.INFO: select `office_building_houses`.*, `building_blocks`.`building_id` from `office_building_houses` inner join `building_blocks` on `building_blocks`.`id` = `office_building_houses`.`building_block_id` where `shelf` = ? and `building_blocks`.`building_id` in (?, ?, ?, ?, ?, ?, ?, ?, ?, ?, ?, ?, ?, ?, ?, ?, ?, ?, ?, ?, ?, ?, ?, ?, ?, ?, ?, ?, ?, ?, ?, ?, ?, ?, ?, ?, ?, ?, ?, ?, ?, ?, ?, ?, ?, ?, ?, ?, ?, ?, ?, ?, ?, ?, ?, ?, ?) and `office_building_houses`.`deleted_at` is null  
[2018-06-27 11:02:24] local.INFO: select * from `buildings` where `id` = ? limit 1  
[2018-06-27 11:02:24] local.INFO: select `office_building_houses`.*, `building_blocks`.`building_id` from `office_building_houses` inner join `building_blocks` on `building_blocks`.`id` = `office_building_houses`.`building_block_id` where `building_blocks`.`building_id` = ? and `shelf` = ? and `office_building_houses`.`deleted_at` is null  
[2018-06-27 11:02:24] local.INFO: select `building_features`.*, `CLW`.`building_has_features`.`building_id` as `pivot_building_id`, `CLW`.`building_has_features`.`building_feature_id` as `pivot_building_feature_id` from `building_features` inner join `CLW`.`building_has_features` on `building_features`.`id` = `CLW`.`building_has_features`.`building_feature_id` where `CLW`.`building_has_features`.`building_id` = ?  
[2018-06-27 11:02:24] local.INFO: select * from `building_labels` where `building_labels`.`building_id` = ? and `building_labels`.`building_id` is not null limit 1  
[2018-06-27 11:02:24] local.INFO: select * from `blocks` where `blocks`.`id` = ? limit 1  
[2018-06-27 11:02:24] local.INFO: select * from `blocks` where `id` = ? limit 1  
[2018-06-27 11:02:24] local.INFO: select * from `buildings` where `buildings`.`block_id` in (?)  
[2018-06-27 11:02:24] local.INFO: select * from `building_blocks` where `building_blocks`.`building_id` in (?, ?, ?, ?, ?, ?, ?, ?, ?, ?, ?, ?, ?, ?, ?, ?, ?, ?, ?, ?, ?, ?, ?, ?, ?, ?, ?, ?, ?, ?, ?, ?, ?, ?, ?, ?, ?, ?, ?, ?, ?, ?, ?, ?, ?, ?, ?, ?, ?, ?, ?, ?, ?, ?, ?, ?, ?)  
[2018-06-27 11:02:24] local.INFO: select * from `office_building_houses` where `office_building_houses`.`building_block_id` in (?, ?, ?, ?, ?, ?, ?, ?, ?, ?, ?, ?, ?, ?, ?, ?, ?, ?, ?, ?, ?, ?, ?, ?, ?, ?, ?, ?, ?, ?, ?, ?, ?, ?, ?, ?, ?, ?, ?, ?, ?, ?, ?, ?, ?, ?, ?, ?, ?, ?, ?, ?, ?, ?, ?, ?, ?, ?, ?, ?, ?, ?, ?, ?, ?, ?, ?, ?, ?, ?, ?, ?, ?, ?, ?, ?, ?, ?, ?, ?, ?, ?, ?, ?, ?, ?, ?, ?, ?, ?, ?, ?, ?, ?, ?, ?, ?, ?, ?, ?, ?, ?, ?, ?, ?, ?, ?, ?, ?, ?, ?, ?, ?, ?, ?, ?, ?, ?, ?, ?, ?, ?, ?, ?, ?, ?, ?, ?, ?, ?, ?, ?, ?, ?, ?, ?, ?, ?, ?, ?, ?, ?, ?, ?, ?, ?, ?, ?, ?, ?, ?, ?, ?, ?, ?, ?, ?, ?, ?, ?, ?, ?, ?, ?, ?, ?, ?, ?, ?, ?, ?, ?, ?, ?, ?, ?, ?, ?, ?, ?, ?, ?, ?, ?, ?, ?, ?, ?, ?, ?) and `office_building_houses`.`deleted_at` is null  
[2018-06-27 11:02:24] local.INFO: select * from `areas` where `areas`.`id` = ? limit 1  
[2018-06-27 11:02:24] local.INFO: select * from `areas` where `id` = ? limit 1  
[2018-06-27 11:02:24] local.INFO: select * from `buildings` where `buildings`.`area_id` in (?)  
[2018-06-27 11:02:24] local.INFO: select * from `building_blocks` where `building_blocks`.`building_id` in (?, ?, ?, ?, ?, ?, ?, ?, ?, ?, ?, ?, ?, ?, ?, ?, ?, ?, ?, ?, ?, ?, ?, ?, ?, ?, ?, ?, ?, ?, ?, ?, ?, ?, ?, ?, ?, ?, ?, ?, ?, ?, ?, ?, ?, ?, ?, ?, ?, ?, ?, ?, ?, ?, ?, ?, ?, ?, ?, ?, ?, ?, ?, ?, ?, ?, ?, ?, ?, ?, ?, ?, ?, ?, ?, ?, ?, ?, ?, ?, ?, ?, ?, ?, ?, ?, ?, ?, ?, ?, ?)  
[2018-06-27 11:02:24] local.INFO: select * from `office_building_houses` where `office_building_houses`.`building_block_id` in (?, ?, ?, ?, ?, ?, ?, ?, ?, ?, ?, ?, ?, ?, ?, ?, ?, ?, ?, ?, ?, ?, ?, ?, ?, ?, ?, ?, ?, ?, ?, ?, ?, ?, ?, ?, ?, ?, ?, ?, ?, ?, ?, ?, ?, ?, ?, ?, ?, ?, ?, ?, ?, ?, ?, ?, ?, ?, ?, ?, ?, ?, ?, ?, ?, ?, ?, ?, ?, ?, ?, ?, ?, ?, ?, ?, ?, ?, ?, ?, ?, ?, ?, ?, ?, ?, ?, ?, ?, ?, ?, ?, ?, ?, ?, ?, ?, ?, ?, ?, ?, ?, ?, ?, ?, ?, ?, ?, ?, ?, ?, ?, ?, ?, ?, ?, ?, ?, ?, ?, ?, ?, ?, ?, ?, ?, ?, ?, ?, ?, ?, ?, ?, ?, ?, ?, ?, ?, ?, ?, ?, ?, ?, ?, ?, ?, ?, ?, ?, ?, ?, ?, ?, ?, ?, ?, ?, ?, ?, ?, ?, ?, ?, ?, ?, ?, ?, ?, ?, ?, ?, ?, ?, ?, ?, ?, ?, ?, ?, ?, ?, ?, ?, ?, ?, ?, ?, ?, ?, ?, ?, ?, ?, ?, ?, ?, ?, ?, ?, ?, ?, ?, ?, ?, ?, ?, ?, ?, ?, ?, ?, ?, ?, ?, ?, ?, ?, ?, ?, ?, ?, ?, ?, ?, ?, ?, ?, ?, ?, ?, ?, ?, ?, ?, ?, ?, ?, ?, ?, ?, ?, ?, ?, ?, ?, ?, ?, ?, ?, ?, ?, ?, ?, ?, ?, ?, ?, ?, ?, ?, ?, ?, ?, ?, ?, ?, ?, ?, ?, ?, ?, ?, ?, ?, ?, ?, ?, ?, ?, ?, ?, ?, ?, ?, ?, ?, ?, ?, ?, ?, ?, ?, ?, ?, ?, ?, ?, ?, ?, ?, ?, ?, ?, ?, ?, ?, ?, ?, ?, ?, ?, ?, ?, ?, ?, ?, ?, ?, ?, ?, ?, ?, ?, ?, ?, ?, ?, ?, ?, ?, ?, ?, ?, ?, ?, ?, ?, ?, ?, ?, ?, ?, ?, ?, ?, ?, ?, ?, ?, ?, ?, ?, ?, ?, ?) and `office_building_houses`.`deleted_at` is null  
[2018-06-27 11:02:24] local.INFO: select * from `buildings` where `area_id` = ?  
[2018-06-27 11:02:24] local.INFO: select `id` from `building_blocks` where `building_id` in (?, ?, ?, ?, ?, ?, ?, ?, ?, ?, ?, ?, ?, ?, ?, ?, ?, ?, ?, ?, ?, ?, ?, ?, ?, ?, ?, ?, ?, ?, ?, ?, ?, ?, ?, ?, ?, ?, ?, ?, ?, ?, ?, ?, ?, ?, ?, ?, ?, ?, ?, ?, ?, ?, ?, ?, ?, ?, ?, ?, ?, ?, ?, ?, ?, ?, ?, ?, ?, ?, ?, ?, ?, ?, ?, ?, ?, ?, ?, ?, ?, ?, ?, ?, ?, ?, ?, ?, ?, ?, ?)  
[2018-06-27 11:02:24] local.INFO: select * from `office_building_houses` where `building_block_id` in (?, ?, ?, ?, ?, ?, ?, ?, ?, ?, ?, ?, ?, ?, ?, ?, ?, ?, ?, ?, ?, ?, ?, ?, ?, ?, ?, ?, ?, ?, ?, ?, ?, ?, ?, ?, ?, ?, ?, ?, ?, ?, ?, ?, ?, ?, ?, ?, ?, ?, ?, ?, ?, ?, ?, ?, ?, ?, ?, ?, ?, ?, ?, ?, ?, ?, ?, ?, ?, ?, ?, ?, ?, ?, ?, ?, ?, ?, ?, ?, ?, ?, ?, ?, ?, ?, ?, ?, ?, ?, ?, ?, ?, ?, ?, ?, ?, ?, ?, ?, ?, ?, ?, ?, ?, ?, ?, ?, ?, ?, ?, ?, ?, ?, ?, ?, ?, ?, ?, ?, ?, ?, ?, ?, ?, ?, ?, ?, ?, ?, ?, ?, ?, ?, ?, ?, ?, ?, ?, ?, ?, ?, ?, ?, ?, ?, ?, ?, ?, ?, ?, ?, ?, ?, ?, ?, ?, ?, ?, ?, ?, ?, ?, ?, ?, ?, ?, ?, ?, ?, ?, ?, ?, ?, ?, ?, ?, ?, ?, ?, ?, ?, ?, ?, ?, ?, ?, ?, ?, ?, ?, ?, ?, ?, ?, ?, ?, ?, ?, ?, ?, ?, ?, ?, ?, ?, ?, ?, ?, ?, ?, ?, ?, ?, ?, ?, ?, ?, ?, ?, ?, ?, ?, ?, ?, ?, ?, ?, ?, ?, ?, ?, ?, ?, ?, ?, ?, ?, ?, ?, ?, ?, ?, ?, ?, ?, ?, ?, ?, ?, ?, ?, ?, ?, ?, ?, ?, ?, ?, ?, ?, ?, ?, ?, ?, ?, ?, ?, ?, ?, ?, ?, ?, ?, ?, ?, ?, ?, ?, ?, ?, ?, ?, ?, ?, ?, ?, ?, ?, ?, ?, ?, ?, ?, ?, ?, ?, ?, ?, ?, ?, ?, ?, ?, ?, ?, ?, ?, ?, ?, ?, ?, ?, ?, ?, ?, ?, ?, ?, ?, ?, ?, ?, ?, ?, ?, ?, ?, ?, ?, ?, ?, ?, ?, ?, ?, ?, ?, ?, ?, ?, ?, ?, ?, ?, ?, ?, ?, ?, ?, ?, ?, ?, ?, ?) and `house_busine_state` = ? and `shelf` = ? and `office_building_houses`.`deleted_at` is null  
[2018-06-27 11:02:24] local.INFO: select * from `building_blocks` where `building_blocks`.`id` in (?, ?, ?, ?, ?, ?, ?, ?, ?, ?, ?, ?, ?, ?, ?, ?, ?, ?, ?, ?, ?, ?, ?, ?, ?, ?, ?, ?, ?, ?, ?, ?, ?, ?, ?, ?, ?, ?, ?, ?, ?, ?, ?, ?, ?, ?, ?, ?, ?, ?, ?, ?, ?, ?, ?, ?, ?, ?, ?, ?, ?, ?, ?, ?, ?, ?, ?, ?, ?, ?, ?, ?, ?, ?, ?, ?, ?, ?, ?, ?, ?, ?, ?, ?, ?, ?, ?, ?, ?, ?, ?, ?, ?, ?, ?, ?, ?, ?, ?, ?, ?, ?, ?, ?, ?, ?, ?, ?, ?, ?, ?, ?, ?, ?, ?, ?, ?, ?, ?, ?, ?, ?, ?, ?, ?, ?, ?, ?, ?, ?, ?, ?, ?, ?)  
[2018-06-27 11:02:24] local.INFO: select * from `buildings` where `id` in (?, ?, ?, ?, ?, ?, ?, ?, ?, ?, ?, ?, ?, ?, ?, ?, ?, ?, ?, ?, ?, ?, ?, ?, ?, ?, ?, ?, ?, ?, ?, ?, ?, ?, ?, ?, ?, ?, ?, ?, ?, ?, ?, ?, ?, ?, ?, ?, ?, ?, ?, ?, ?, ?, ?, ?, ?)  
[2018-06-27 11:02:24] local.INFO: select * from `blocks` where `blocks`.`id` in (?, ?, ?, ?, ?, ?)  
[2018-06-27 11:02:24] local.INFO: select `building_features`.*, `CLW`.`building_has_features`.`building_id` as `pivot_building_id`, `CLW`.`building_has_features`.`building_feature_id` as `pivot_building_feature_id` from `building_features` inner join `CLW`.`building_has_features` on `building_features`.`id` = `CLW`.`building_has_features`.`building_feature_id` where `CLW`.`building_has_features`.`building_id` in (?, ?, ?, ?, ?, ?, ?, ?, ?, ?, ?, ?, ?, ?, ?, ?, ?, ?, ?, ?, ?, ?, ?, ?, ?, ?, ?, ?, ?, ?, ?, ?, ?, ?, ?, ?, ?, ?, ?, ?, ?, ?, ?, ?, ?, ?, ?, ?, ?, ?, ?, ?, ?, ?, ?, ?, ?)  
[2018-06-27 11:02:24] local.INFO: select * from `areas` where `areas`.`id` in (?)  
[2018-06-27 11:02:24] local.INFO: select * from `building_labels` where `building_labels`.`building_id` in (?, ?, ?, ?, ?, ?, ?, ?, ?, ?, ?, ?, ?, ?, ?, ?, ?, ?, ?, ?, ?, ?, ?, ?, ?, ?, ?, ?, ?, ?, ?, ?, ?, ?, ?, ?, ?, ?, ?, ?, ?, ?, ?, ?, ?, ?, ?, ?, ?, ?, ?, ?, ?, ?, ?, ?, ?)  
[2018-06-27 11:02:24] local.INFO: select `office_building_houses`.*, `building_blocks`.`building_id` from `office_building_houses` inner join `building_blocks` on `building_blocks`.`id` = `office_building_houses`.`building_block_id` where `shelf` = ? and `building_blocks`.`building_id` in (?, ?, ?, ?, ?, ?, ?, ?, ?, ?, ?, ?, ?, ?, ?, ?, ?, ?, ?, ?, ?, ?, ?, ?, ?, ?, ?, ?, ?, ?, ?, ?, ?, ?, ?, ?, ?, ?, ?, ?, ?, ?, ?, ?, ?, ?, ?, ?, ?, ?, ?, ?, ?, ?, ?, ?, ?) and `office_building_houses`.`deleted_at` is null  
[2018-06-27 11:02:26] local.INFO: select * from `buildings` where `id` = ? limit 1  
[2018-06-27 11:02:26] local.INFO: select `office_building_houses`.*, `building_blocks`.`building_id` from `office_building_houses` inner join `building_blocks` on `building_blocks`.`id` = `office_building_houses`.`building_block_id` where `building_blocks`.`building_id` = ? and `shelf` = ? and `office_building_houses`.`deleted_at` is null  
[2018-06-27 11:02:26] local.INFO: select `building_features`.*, `CLW`.`building_has_features`.`building_id` as `pivot_building_id`, `CLW`.`building_has_features`.`building_feature_id` as `pivot_building_feature_id` from `building_features` inner join `CLW`.`building_has_features` on `building_features`.`id` = `CLW`.`building_has_features`.`building_feature_id` where `CLW`.`building_has_features`.`building_id` = ?  
[2018-06-27 11:02:26] local.INFO: select * from `building_labels` where `building_labels`.`building_id` = ? and `building_labels`.`building_id` is not null limit 1  
[2018-06-27 11:02:26] local.INFO: select * from `blocks` where `blocks`.`id` = ? limit 1  
[2018-06-27 11:02:26] local.INFO: select * from `blocks` where `id` = ? limit 1  
[2018-06-27 11:02:26] local.INFO: select * from `buildings` where `buildings`.`block_id` in (?)  
[2018-06-27 11:02:26] local.INFO: select * from `building_blocks` where `building_blocks`.`building_id` in (?, ?, ?, ?, ?, ?, ?, ?, ?, ?, ?, ?, ?, ?, ?, ?, ?, ?, ?, ?, ?, ?, ?, ?, ?, ?, ?, ?, ?, ?, ?, ?, ?, ?, ?, ?, ?, ?, ?, ?, ?, ?, ?, ?, ?, ?, ?, ?, ?, ?, ?, ?, ?, ?, ?, ?, ?)  
[2018-06-27 11:02:26] local.INFO: select * from `office_building_houses` where `office_building_houses`.`building_block_id` in (?, ?, ?, ?, ?, ?, ?, ?, ?, ?, ?, ?, ?, ?, ?, ?, ?, ?, ?, ?, ?, ?, ?, ?, ?, ?, ?, ?, ?, ?, ?, ?, ?, ?, ?, ?, ?, ?, ?, ?, ?, ?, ?, ?, ?, ?, ?, ?, ?, ?, ?, ?, ?, ?, ?, ?, ?, ?, ?, ?, ?, ?, ?, ?, ?, ?, ?, ?, ?, ?, ?, ?, ?, ?, ?, ?, ?, ?, ?, ?, ?, ?, ?, ?, ?, ?, ?, ?, ?, ?, ?, ?, ?, ?, ?, ?, ?, ?, ?, ?, ?, ?, ?, ?, ?, ?, ?, ?, ?, ?, ?, ?, ?, ?, ?, ?, ?, ?, ?, ?, ?, ?, ?, ?, ?, ?, ?, ?, ?, ?, ?, ?, ?, ?, ?, ?, ?, ?, ?, ?, ?, ?, ?, ?, ?, ?, ?, ?, ?, ?, ?, ?, ?, ?, ?, ?, ?, ?, ?, ?, ?, ?, ?, ?, ?, ?, ?, ?, ?, ?, ?, ?, ?, ?, ?, ?, ?, ?, ?, ?, ?, ?, ?, ?, ?, ?, ?, ?, ?, ?) and `office_building_houses`.`deleted_at` is null  
[2018-06-27 11:02:27] local.INFO: select * from `areas` where `areas`.`id` = ? limit 1  
[2018-06-27 11:02:27] local.INFO: select * from `areas` where `id` = ? limit 1  
[2018-06-27 11:02:27] local.INFO: select * from `buildings` where `buildings`.`area_id` in (?)  
[2018-06-27 11:02:27] local.INFO: select * from `building_blocks` where `building_blocks`.`building_id` in (?, ?, ?, ?, ?, ?, ?, ?, ?, ?, ?, ?, ?, ?, ?, ?, ?, ?, ?, ?, ?, ?, ?, ?, ?, ?, ?, ?, ?, ?, ?, ?, ?, ?, ?, ?, ?, ?, ?, ?, ?, ?, ?, ?, ?, ?, ?, ?, ?, ?, ?, ?, ?, ?, ?, ?, ?, ?, ?, ?, ?, ?, ?, ?, ?, ?, ?, ?, ?, ?, ?, ?, ?, ?, ?, ?, ?, ?, ?, ?, ?, ?, ?, ?, ?, ?, ?, ?, ?, ?, ?)  
[2018-06-27 11:02:27] local.INFO: select * from `office_building_houses` where `office_building_houses`.`building_block_id` in (?, ?, ?, ?, ?, ?, ?, ?, ?, ?, ?, ?, ?, ?, ?, ?, ?, ?, ?, ?, ?, ?, ?, ?, ?, ?, ?, ?, ?, ?, ?, ?, ?, ?, ?, ?, ?, ?, ?, ?, ?, ?, ?, ?, ?, ?, ?, ?, ?, ?, ?, ?, ?, ?, ?, ?, ?, ?, ?, ?, ?, ?, ?, ?, ?, ?, ?, ?, ?, ?, ?, ?, ?, ?, ?, ?, ?, ?, ?, ?, ?, ?, ?, ?, ?, ?, ?, ?, ?, ?, ?, ?, ?, ?, ?, ?, ?, ?, ?, ?, ?, ?, ?, ?, ?, ?, ?, ?, ?, ?, ?, ?, ?, ?, ?, ?, ?, ?, ?, ?, ?, ?, ?, ?, ?, ?, ?, ?, ?, ?, ?, ?, ?, ?, ?, ?, ?, ?, ?, ?, ?, ?, ?, ?, ?, ?, ?, ?, ?, ?, ?, ?, ?, ?, ?, ?, ?, ?, ?, ?, ?, ?, ?, ?, ?, ?, ?, ?, ?, ?, ?, ?, ?, ?, ?, ?, ?, ?, ?, ?, ?, ?, ?, ?, ?, ?, ?, ?, ?, ?, ?, ?, ?, ?, ?, ?, ?, ?, ?, ?, ?, ?, ?, ?, ?, ?, ?, ?, ?, ?, ?, ?, ?, ?, ?, ?, ?, ?, ?, ?, ?, ?, ?, ?, ?, ?, ?, ?, ?, ?, ?, ?, ?, ?, ?, ?, ?, ?, ?, ?, ?, ?, ?, ?, ?, ?, ?, ?, ?, ?, ?, ?, ?, ?, ?, ?, ?, ?, ?, ?, ?, ?, ?, ?, ?, ?, ?, ?, ?, ?, ?, ?, ?, ?, ?, ?, ?, ?, ?, ?, ?, ?, ?, ?, ?, ?, ?, ?, ?, ?, ?, ?, ?, ?, ?, ?, ?, ?, ?, ?, ?, ?, ?, ?, ?, ?, ?, ?, ?, ?, ?, ?, ?, ?, ?, ?, ?, ?, ?, ?, ?, ?, ?, ?, ?, ?, ?, ?, ?, ?, ?, ?, ?, ?, ?, ?, ?, ?, ?, ?, ?, ?, ?, ?, ?, ?, ?, ?, ?, ?, ?, ?, ?, ?, ?) and `office_building_houses`.`deleted_at` is null  
[2018-06-27 11:02:27] local.INFO: select * from `buildings` where `area_id` = ?  
[2018-06-27 11:02:27] local.INFO: select `id` from `building_blocks` where `building_id` in (?, ?, ?, ?, ?, ?, ?, ?, ?, ?, ?, ?, ?, ?, ?, ?, ?, ?, ?, ?, ?, ?, ?, ?, ?, ?, ?, ?, ?, ?, ?, ?, ?, ?, ?, ?, ?, ?, ?, ?, ?, ?, ?, ?, ?, ?, ?, ?, ?, ?, ?, ?, ?, ?, ?, ?, ?, ?, ?, ?, ?, ?, ?, ?, ?, ?, ?, ?, ?, ?, ?, ?, ?, ?, ?, ?, ?, ?, ?, ?, ?, ?, ?, ?, ?, ?, ?, ?, ?, ?, ?)  
[2018-06-27 11:02:27] local.INFO: select * from `office_building_houses` where `building_block_id` in (?, ?, ?, ?, ?, ?, ?, ?, ?, ?, ?, ?, ?, ?, ?, ?, ?, ?, ?, ?, ?, ?, ?, ?, ?, ?, ?, ?, ?, ?, ?, ?, ?, ?, ?, ?, ?, ?, ?, ?, ?, ?, ?, ?, ?, ?, ?, ?, ?, ?, ?, ?, ?, ?, ?, ?, ?, ?, ?, ?, ?, ?, ?, ?, ?, ?, ?, ?, ?, ?, ?, ?, ?, ?, ?, ?, ?, ?, ?, ?, ?, ?, ?, ?, ?, ?, ?, ?, ?, ?, ?, ?, ?, ?, ?, ?, ?, ?, ?, ?, ?, ?, ?, ?, ?, ?, ?, ?, ?, ?, ?, ?, ?, ?, ?, ?, ?, ?, ?, ?, ?, ?, ?, ?, ?, ?, ?, ?, ?, ?, ?, ?, ?, ?, ?, ?, ?, ?, ?, ?, ?, ?, ?, ?, ?, ?, ?, ?, ?, ?, ?, ?, ?, ?, ?, ?, ?, ?, ?, ?, ?, ?, ?, ?, ?, ?, ?, ?, ?, ?, ?, ?, ?, ?, ?, ?, ?, ?, ?, ?, ?, ?, ?, ?, ?, ?, ?, ?, ?, ?, ?, ?, ?, ?, ?, ?, ?, ?, ?, ?, ?, ?, ?, ?, ?, ?, ?, ?, ?, ?, ?, ?, ?, ?, ?, ?, ?, ?, ?, ?, ?, ?, ?, ?, ?, ?, ?, ?, ?, ?, ?, ?, ?, ?, ?, ?, ?, ?, ?, ?, ?, ?, ?, ?, ?, ?, ?, ?, ?, ?, ?, ?, ?, ?, ?, ?, ?, ?, ?, ?, ?, ?, ?, ?, ?, ?, ?, ?, ?, ?, ?, ?, ?, ?, ?, ?, ?, ?, ?, ?, ?, ?, ?, ?, ?, ?, ?, ?, ?, ?, ?, ?, ?, ?, ?, ?, ?, ?, ?, ?, ?, ?, ?, ?, ?, ?, ?, ?, ?, ?, ?, ?, ?, ?, ?, ?, ?, ?, ?, ?, ?, ?, ?, ?, ?, ?, ?, ?, ?, ?, ?, ?, ?, ?, ?, ?, ?, ?, ?, ?, ?, ?, ?, ?, ?, ?, ?, ?, ?, ?, ?, ?, ?, ?, ?) and `house_busine_state` = ? and `shelf` = ? and `office_building_houses`.`deleted_at` is null  
[2018-06-27 11:02:27] local.INFO: select * from `building_blocks` where `building_blocks`.`id` in (?, ?, ?, ?, ?, ?, ?, ?, ?, ?, ?, ?, ?, ?, ?, ?, ?, ?, ?, ?, ?, ?, ?, ?, ?, ?, ?, ?, ?, ?, ?, ?, ?, ?, ?, ?, ?, ?, ?, ?, ?, ?, ?, ?, ?, ?, ?, ?, ?, ?, ?, ?, ?, ?, ?, ?, ?, ?, ?, ?, ?, ?, ?, ?, ?, ?, ?, ?, ?, ?, ?, ?, ?, ?, ?, ?, ?, ?, ?, ?, ?, ?, ?, ?, ?, ?, ?, ?, ?, ?, ?, ?, ?, ?, ?, ?, ?, ?, ?, ?, ?, ?, ?, ?, ?, ?, ?, ?, ?, ?, ?, ?, ?, ?, ?, ?, ?, ?, ?, ?, ?, ?, ?, ?, ?, ?, ?, ?, ?, ?, ?, ?, ?, ?)  
[2018-06-27 11:02:27] local.INFO: select * from `buildings` where `id` in (?, ?, ?, ?, ?, ?, ?, ?, ?, ?, ?, ?, ?, ?, ?, ?, ?, ?, ?, ?, ?, ?, ?, ?, ?, ?, ?, ?, ?, ?, ?, ?, ?, ?, ?, ?, ?, ?, ?, ?, ?, ?, ?, ?, ?, ?, ?, ?, ?, ?, ?, ?, ?, ?, ?, ?, ?)  
[2018-06-27 11:02:27] local.INFO: select * from `blocks` where `blocks`.`id` in (?, ?, ?, ?, ?, ?)  
[2018-06-27 11:02:27] local.INFO: select `building_features`.*, `CLW`.`building_has_features`.`building_id` as `pivot_building_id`, `CLW`.`building_has_features`.`building_feature_id` as `pivot_building_feature_id` from `building_features` inner join `CLW`.`building_has_features` on `building_features`.`id` = `CLW`.`building_has_features`.`building_feature_id` where `CLW`.`building_has_features`.`building_id` in (?, ?, ?, ?, ?, ?, ?, ?, ?, ?, ?, ?, ?, ?, ?, ?, ?, ?, ?, ?, ?, ?, ?, ?, ?, ?, ?, ?, ?, ?, ?, ?, ?, ?, ?, ?, ?, ?, ?, ?, ?, ?, ?, ?, ?, ?, ?, ?, ?, ?, ?, ?, ?, ?, ?, ?, ?)  
[2018-06-27 11:02:27] local.INFO: select * from `areas` where `areas`.`id` in (?)  
[2018-06-27 11:02:27] local.INFO: select * from `building_labels` where `building_labels`.`building_id` in (?, ?, ?, ?, ?, ?, ?, ?, ?, ?, ?, ?, ?, ?, ?, ?, ?, ?, ?, ?, ?, ?, ?, ?, ?, ?, ?, ?, ?, ?, ?, ?, ?, ?, ?, ?, ?, ?, ?, ?, ?, ?, ?, ?, ?, ?, ?, ?, ?, ?, ?, ?, ?, ?, ?, ?, ?)  
[2018-06-27 11:02:27] local.INFO: select `office_building_houses`.*, `building_blocks`.`building_id` from `office_building_houses` inner join `building_blocks` on `building_blocks`.`id` = `office_building_houses`.`building_block_id` where `shelf` = ? and `building_blocks`.`building_id` in (?, ?, ?, ?, ?, ?, ?, ?, ?, ?, ?, ?, ?, ?, ?, ?, ?, ?, ?, ?, ?, ?, ?, ?, ?, ?, ?, ?, ?, ?, ?, ?, ?, ?, ?, ?, ?, ?, ?, ?, ?, ?, ?, ?, ?, ?, ?, ?, ?, ?, ?, ?, ?, ?, ?, ?, ?) and `office_building_houses`.`deleted_at` is null  
[2018-06-27 11:02:33] local.INFO: select * from `buildings` where `id` = ? limit 1  
[2018-06-27 11:02:33] local.INFO: select `office_building_houses`.*, `building_blocks`.`building_id` from `office_building_houses` inner join `building_blocks` on `building_blocks`.`id` = `office_building_houses`.`building_block_id` where `building_blocks`.`building_id` = ? and `shelf` = ? and `office_building_houses`.`deleted_at` is null  
[2018-06-27 11:02:33] local.INFO: select `building_features`.*, `CLW`.`building_has_features`.`building_id` as `pivot_building_id`, `CLW`.`building_has_features`.`building_feature_id` as `pivot_building_feature_id` from `building_features` inner join `CLW`.`building_has_features` on `building_features`.`id` = `CLW`.`building_has_features`.`building_feature_id` where `CLW`.`building_has_features`.`building_id` = ?  
[2018-06-27 11:02:33] local.INFO: select * from `building_labels` where `building_labels`.`building_id` = ? and `building_labels`.`building_id` is not null limit 1  
[2018-06-27 11:02:33] local.INFO: select * from `blocks` where `blocks`.`id` = ? limit 1  
[2018-06-27 11:02:33] local.INFO: select * from `blocks` where `id` = ? limit 1  
[2018-06-27 11:02:33] local.INFO: select * from `buildings` where `buildings`.`block_id` in (?)  
[2018-06-27 11:02:33] local.INFO: select * from `building_blocks` where `building_blocks`.`building_id` in (?, ?, ?, ?, ?, ?, ?, ?, ?, ?, ?, ?, ?, ?, ?, ?, ?, ?, ?, ?, ?, ?, ?, ?, ?, ?, ?, ?, ?, ?, ?, ?, ?, ?, ?, ?, ?, ?, ?, ?, ?, ?, ?, ?, ?, ?, ?, ?, ?, ?, ?, ?, ?, ?, ?, ?, ?)  
[2018-06-27 11:02:33] local.INFO: select * from `office_building_houses` where `office_building_houses`.`building_block_id` in (?, ?, ?, ?, ?, ?, ?, ?, ?, ?, ?, ?, ?, ?, ?, ?, ?, ?, ?, ?, ?, ?, ?, ?, ?, ?, ?, ?, ?, ?, ?, ?, ?, ?, ?, ?, ?, ?, ?, ?, ?, ?, ?, ?, ?, ?, ?, ?, ?, ?, ?, ?, ?, ?, ?, ?, ?, ?, ?, ?, ?, ?, ?, ?, ?, ?, ?, ?, ?, ?, ?, ?, ?, ?, ?, ?, ?, ?, ?, ?, ?, ?, ?, ?, ?, ?, ?, ?, ?, ?, ?, ?, ?, ?, ?, ?, ?, ?, ?, ?, ?, ?, ?, ?, ?, ?, ?, ?, ?, ?, ?, ?, ?, ?, ?, ?, ?, ?, ?, ?, ?, ?, ?, ?, ?, ?, ?, ?, ?, ?, ?, ?, ?, ?, ?, ?, ?, ?, ?, ?, ?, ?, ?, ?, ?, ?, ?, ?, ?, ?, ?, ?, ?, ?, ?, ?, ?, ?, ?, ?, ?, ?, ?, ?, ?, ?, ?, ?, ?, ?, ?, ?, ?, ?, ?, ?, ?, ?, ?, ?, ?, ?, ?, ?, ?, ?, ?, ?, ?, ?) and `office_building_houses`.`deleted_at` is null  
[2018-06-27 11:02:33] local.INFO: select * from `areas` where `areas`.`id` = ? limit 1  
[2018-06-27 11:02:33] local.INFO: select * from `areas` where `id` = ? limit 1  
[2018-06-27 11:02:33] local.INFO: select * from `buildings` where `buildings`.`area_id` in (?)  
[2018-06-27 11:02:33] local.INFO: select * from `building_blocks` where `building_blocks`.`building_id` in (?, ?, ?, ?, ?, ?, ?, ?, ?, ?, ?, ?, ?, ?, ?, ?, ?, ?, ?, ?, ?, ?, ?, ?, ?, ?, ?, ?, ?, ?, ?, ?, ?, ?, ?, ?, ?, ?, ?, ?, ?, ?, ?, ?, ?, ?, ?, ?, ?, ?, ?, ?, ?, ?, ?, ?, ?, ?, ?, ?, ?, ?, ?, ?, ?, ?, ?, ?, ?, ?, ?, ?, ?, ?, ?, ?, ?, ?, ?, ?, ?, ?, ?, ?, ?, ?, ?, ?, ?, ?, ?)  
[2018-06-27 11:02:33] local.INFO: select * from `office_building_houses` where `office_building_houses`.`building_block_id` in (?, ?, ?, ?, ?, ?, ?, ?, ?, ?, ?, ?, ?, ?, ?, ?, ?, ?, ?, ?, ?, ?, ?, ?, ?, ?, ?, ?, ?, ?, ?, ?, ?, ?, ?, ?, ?, ?, ?, ?, ?, ?, ?, ?, ?, ?, ?, ?, ?, ?, ?, ?, ?, ?, ?, ?, ?, ?, ?, ?, ?, ?, ?, ?, ?, ?, ?, ?, ?, ?, ?, ?, ?, ?, ?, ?, ?, ?, ?, ?, ?, ?, ?, ?, ?, ?, ?, ?, ?, ?, ?, ?, ?, ?, ?, ?, ?, ?, ?, ?, ?, ?, ?, ?, ?, ?, ?, ?, ?, ?, ?, ?, ?, ?, ?, ?, ?, ?, ?, ?, ?, ?, ?, ?, ?, ?, ?, ?, ?, ?, ?, ?, ?, ?, ?, ?, ?, ?, ?, ?, ?, ?, ?, ?, ?, ?, ?, ?, ?, ?, ?, ?, ?, ?, ?, ?, ?, ?, ?, ?, ?, ?, ?, ?, ?, ?, ?, ?, ?, ?, ?, ?, ?, ?, ?, ?, ?, ?, ?, ?, ?, ?, ?, ?, ?, ?, ?, ?, ?, ?, ?, ?, ?, ?, ?, ?, ?, ?, ?, ?, ?, ?, ?, ?, ?, ?, ?, ?, ?, ?, ?, ?, ?, ?, ?, ?, ?, ?, ?, ?, ?, ?, ?, ?, ?, ?, ?, ?, ?, ?, ?, ?, ?, ?, ?, ?, ?, ?, ?, ?, ?, ?, ?, ?, ?, ?, ?, ?, ?, ?, ?, ?, ?, ?, ?, ?, ?, ?, ?, ?, ?, ?, ?, ?, ?, ?, ?, ?, ?, ?, ?, ?, ?, ?, ?, ?, ?, ?, ?, ?, ?, ?, ?, ?, ?, ?, ?, ?, ?, ?, ?, ?, ?, ?, ?, ?, ?, ?, ?, ?, ?, ?, ?, ?, ?, ?, ?, ?, ?, ?, ?, ?, ?, ?, ?, ?, ?, ?, ?, ?, ?, ?, ?, ?, ?, ?, ?, ?, ?, ?, ?, ?, ?, ?, ?, ?, ?, ?, ?, ?, ?, ?, ?, ?, ?, ?, ?, ?, ?, ?, ?, ?, ?, ?, ?) and `office_building_houses`.`deleted_at` is null  
[2018-06-27 11:02:33] local.INFO: select * from `buildings` where `area_id` = ?  
[2018-06-27 11:02:33] local.INFO: select `id` from `building_blocks` where `building_id` in (?, ?, ?, ?, ?, ?, ?, ?, ?, ?, ?, ?, ?, ?, ?, ?, ?, ?, ?, ?, ?, ?, ?, ?, ?, ?, ?, ?, ?, ?, ?, ?, ?, ?, ?, ?, ?, ?, ?, ?, ?, ?, ?, ?, ?, ?, ?, ?, ?, ?, ?, ?, ?, ?, ?, ?, ?, ?, ?, ?, ?, ?, ?, ?, ?, ?, ?, ?, ?, ?, ?, ?, ?, ?, ?, ?, ?, ?, ?, ?, ?, ?, ?, ?, ?, ?, ?, ?, ?, ?, ?)  
[2018-06-27 11:02:33] local.INFO: select * from `office_building_houses` where `building_block_id` in (?, ?, ?, ?, ?, ?, ?, ?, ?, ?, ?, ?, ?, ?, ?, ?, ?, ?, ?, ?, ?, ?, ?, ?, ?, ?, ?, ?, ?, ?, ?, ?, ?, ?, ?, ?, ?, ?, ?, ?, ?, ?, ?, ?, ?, ?, ?, ?, ?, ?, ?, ?, ?, ?, ?, ?, ?, ?, ?, ?, ?, ?, ?, ?, ?, ?, ?, ?, ?, ?, ?, ?, ?, ?, ?, ?, ?, ?, ?, ?, ?, ?, ?, ?, ?, ?, ?, ?, ?, ?, ?, ?, ?, ?, ?, ?, ?, ?, ?, ?, ?, ?, ?, ?, ?, ?, ?, ?, ?, ?, ?, ?, ?, ?, ?, ?, ?, ?, ?, ?, ?, ?, ?, ?, ?, ?, ?, ?, ?, ?, ?, ?, ?, ?, ?, ?, ?, ?, ?, ?, ?, ?, ?, ?, ?, ?, ?, ?, ?, ?, ?, ?, ?, ?, ?, ?, ?, ?, ?, ?, ?, ?, ?, ?, ?, ?, ?, ?, ?, ?, ?, ?, ?, ?, ?, ?, ?, ?, ?, ?, ?, ?, ?, ?, ?, ?, ?, ?, ?, ?, ?, ?, ?, ?, ?, ?, ?, ?, ?, ?, ?, ?, ?, ?, ?, ?, ?, ?, ?, ?, ?, ?, ?, ?, ?, ?, ?, ?, ?, ?, ?, ?, ?, ?, ?, ?, ?, ?, ?, ?, ?, ?, ?, ?, ?, ?, ?, ?, ?, ?, ?, ?, ?, ?, ?, ?, ?, ?, ?, ?, ?, ?, ?, ?, ?, ?, ?, ?, ?, ?, ?, ?, ?, ?, ?, ?, ?, ?, ?, ?, ?, ?, ?, ?, ?, ?, ?, ?, ?, ?, ?, ?, ?, ?, ?, ?, ?, ?, ?, ?, ?, ?, ?, ?, ?, ?, ?, ?, ?, ?, ?, ?, ?, ?, ?, ?, ?, ?, ?, ?, ?, ?, ?, ?, ?, ?, ?, ?, ?, ?, ?, ?, ?, ?, ?, ?, ?, ?, ?, ?, ?, ?, ?, ?, ?, ?, ?, ?, ?, ?, ?, ?, ?, ?, ?, ?, ?, ?, ?, ?, ?, ?, ?, ?, ?) and `house_busine_state` = ? and `shelf` = ? and `office_building_houses`.`deleted_at` is null  
[2018-06-27 11:02:33] local.INFO: select * from `building_blocks` where `building_blocks`.`id` in (?, ?, ?, ?, ?, ?, ?, ?, ?, ?, ?, ?, ?, ?, ?, ?, ?, ?, ?, ?, ?, ?, ?, ?, ?, ?, ?, ?, ?, ?, ?, ?, ?, ?, ?, ?, ?, ?, ?, ?, ?, ?, ?, ?, ?, ?, ?, ?, ?, ?, ?, ?, ?, ?, ?, ?, ?, ?, ?, ?, ?, ?, ?, ?, ?, ?, ?, ?, ?, ?, ?, ?, ?, ?, ?, ?, ?, ?, ?, ?, ?, ?, ?, ?, ?, ?, ?, ?, ?, ?, ?, ?, ?, ?, ?, ?, ?, ?, ?, ?, ?, ?, ?, ?, ?, ?, ?, ?, ?, ?, ?, ?, ?, ?, ?, ?, ?, ?, ?, ?, ?, ?, ?, ?, ?, ?, ?, ?, ?, ?, ?, ?, ?, ?)  
[2018-06-27 11:02:33] local.INFO: select * from `buildings` where `id` in (?, ?, ?, ?, ?, ?, ?, ?, ?, ?, ?, ?, ?, ?, ?, ?, ?, ?, ?, ?, ?, ?, ?, ?, ?, ?, ?, ?, ?, ?, ?, ?, ?, ?, ?, ?, ?, ?, ?, ?, ?, ?, ?, ?, ?, ?, ?, ?, ?, ?, ?, ?, ?, ?, ?, ?, ?)  
[2018-06-27 11:02:33] local.INFO: select * from `blocks` where `blocks`.`id` in (?, ?, ?, ?, ?, ?)  
[2018-06-27 11:02:33] local.INFO: select `building_features`.*, `CLW`.`building_has_features`.`building_id` as `pivot_building_id`, `CLW`.`building_has_features`.`building_feature_id` as `pivot_building_feature_id` from `building_features` inner join `CLW`.`building_has_features` on `building_features`.`id` = `CLW`.`building_has_features`.`building_feature_id` where `CLW`.`building_has_features`.`building_id` in (?, ?, ?, ?, ?, ?, ?, ?, ?, ?, ?, ?, ?, ?, ?, ?, ?, ?, ?, ?, ?, ?, ?, ?, ?, ?, ?, ?, ?, ?, ?, ?, ?, ?, ?, ?, ?, ?, ?, ?, ?, ?, ?, ?, ?, ?, ?, ?, ?, ?, ?, ?, ?, ?, ?, ?, ?)  
[2018-06-27 11:02:33] local.INFO: select * from `areas` where `areas`.`id` in (?)  
[2018-06-27 11:02:33] local.INFO: select * from `building_labels` where `building_labels`.`building_id` in (?, ?, ?, ?, ?, ?, ?, ?, ?, ?, ?, ?, ?, ?, ?, ?, ?, ?, ?, ?, ?, ?, ?, ?, ?, ?, ?, ?, ?, ?, ?, ?, ?, ?, ?, ?, ?, ?, ?, ?, ?, ?, ?, ?, ?, ?, ?, ?, ?, ?, ?, ?, ?, ?, ?, ?, ?)  
[2018-06-27 11:02:33] local.INFO: select `office_building_houses`.*, `building_blocks`.`building_id` from `office_building_houses` inner join `building_blocks` on `building_blocks`.`id` = `office_building_houses`.`building_block_id` where `shelf` = ? and `building_blocks`.`building_id` in (?, ?, ?, ?, ?, ?, ?, ?, ?, ?, ?, ?, ?, ?, ?, ?, ?, ?, ?, ?, ?, ?, ?, ?, ?, ?, ?, ?, ?, ?, ?, ?, ?, ?, ?, ?, ?, ?, ?, ?, ?, ?, ?, ?, ?, ?, ?, ?, ?, ?, ?, ?, ?, ?, ?, ?, ?) and `office_building_houses`.`deleted_at` is null  
[2018-06-27 11:04:51] local.INFO: select * from `oauth_access_tokens` where `oauth_access_tokens`.`id` = ? limit 1  
[2018-06-27 11:04:51] local.INFO: select * from `admins` where `id` = ? limit 1  
[2018-06-27 11:04:51] local.INFO: select * from `oauth_access_tokens` where `oauth_access_tokens`.`id` = ? limit 1  
[2018-06-27 11:04:51] local.INFO: select * from `oauth_clients` where `oauth_clients`.`id` = ? limit 1  
[2018-06-27 11:04:51] local.INFO: select * from `oauth_access_tokens` where `oauth_access_tokens`.`id` = ? limit 1  
[2018-06-27 11:04:51] local.INFO: select * from `users` where `id` = ? limit 1  
[2018-06-27 11:04:51] local.INFO: select * from `oauth_access_tokens` where `oauth_access_tokens`.`id` = ? limit 1  
[2018-06-27 11:04:51] local.INFO: select * from `oauth_clients` where `oauth_clients`.`id` = ? limit 1  
[2018-06-27 11:04:51] local.INFO: select * from `oauth_access_tokens` where `oauth_access_tokens`.`id` = ? limit 1  
[2018-06-27 11:04:51] local.INFO: select * from `admins` where `id` = ? limit 1  
[2018-06-27 11:04:51] local.INFO: select * from `oauth_access_tokens` where `oauth_access_tokens`.`id` = ? limit 1  
[2018-06-27 11:04:51] local.INFO: select * from `oauth_clients` where `oauth_clients`.`id` = ? limit 1  
[2018-06-27 11:04:51] local.INFO: select * from `oauth_access_tokens` where `oauth_access_tokens`.`id` = ? limit 1  
[2018-06-27 11:04:51] local.INFO: select * from `users` where `id` = ? limit 1  
[2018-06-27 11:04:51] local.INFO: select * from `oauth_access_tokens` where `oauth_access_tokens`.`id` = ? limit 1  
[2018-06-27 11:04:51] local.INFO: select * from `oauth_clients` where `oauth_clients`.`id` = ? limit 1  
[2018-06-27 11:04:51] local.INFO: select * from `oauth_access_tokens` where `oauth_access_tokens`.`id` = ? limit 1  
[2018-06-27 11:04:51] local.INFO: select * from `admins` where `id` = ? limit 1  
[2018-06-27 11:04:51] local.INFO: select * from `oauth_access_tokens` where `oauth_access_tokens`.`id` = ? limit 1  
[2018-06-27 11:04:51] local.INFO: select * from `oauth_clients` where `oauth_clients`.`id` = ? limit 1  
[2018-06-27 11:04:51] local.INFO: select * from `oauth_access_tokens` where `oauth_access_tokens`.`id` = ? limit 1  
[2018-06-27 11:04:51] local.INFO: select * from `users` where `id` = ? limit 1  
[2018-06-27 11:04:51] local.INFO: select * from `oauth_access_tokens` where `oauth_access_tokens`.`id` = ? limit 1  
[2018-06-27 11:04:51] local.INFO: select * from `oauth_clients` where `oauth_clients`.`id` = ? limit 1  
[2018-06-27 11:04:52] local.INFO: select count(*) as aggregate from `information` where `information`.`deleted_at` is null  
[2018-06-27 11:04:52] local.INFO: select * from `information` where `information`.`deleted_at` is null limit 10 offset 0  
[2018-06-27 11:04:52] local.INFO: select * from `oauth_access_tokens` where `oauth_access_tokens`.`id` = ? limit 1  
[2018-06-27 11:04:52] local.INFO: select * from `users` where `id` = ? limit 1  
[2018-06-27 11:04:52] local.INFO: select * from `oauth_access_tokens` where `oauth_access_tokens`.`id` = ? limit 1  
[2018-06-27 11:04:52] local.INFO: select * from `oauth_clients` where `oauth_clients`.`id` = ? limit 1  
[2018-06-27 11:04:52] local.INFO: select * from `oauth_access_tokens` where `oauth_access_tokens`.`id` = ? limit 1  
[2018-06-27 11:04:52] local.INFO: select * from `admins` where `id` = ? limit 1  
[2018-06-27 11:04:52] local.INFO: select * from `oauth_access_tokens` where `oauth_access_tokens`.`id` = ? limit 1  
[2018-06-27 11:04:52] local.INFO: select * from `oauth_clients` where `oauth_clients`.`id` = ? limit 1  
[2018-06-27 11:06:39] local.INFO: select * from `oauth_access_tokens` where `oauth_access_tokens`.`id` = ? limit 1  
[2018-06-27 11:06:39] local.INFO: select * from `admins` where `id` = ? limit 1  
[2018-06-27 11:06:39] local.INFO: select * from `oauth_access_tokens` where `oauth_access_tokens`.`id` = ? limit 1  
[2018-06-27 11:06:39] local.INFO: select * from `oauth_clients` where `oauth_clients`.`id` = ? limit 1  
[2018-06-27 11:06:39] local.INFO: select * from `oauth_access_tokens` where `oauth_access_tokens`.`id` = ? limit 1  
[2018-06-27 11:06:39] local.INFO: select * from `users` where `id` = ? limit 1  
[2018-06-27 11:06:39] local.INFO: select * from `oauth_access_tokens` where `oauth_access_tokens`.`id` = ? limit 1  
[2018-06-27 11:06:39] local.INFO: select * from `oauth_clients` where `oauth_clients`.`id` = ? limit 1  
[2018-06-27 11:06:39] local.INFO: select * from `oauth_access_tokens` where `oauth_access_tokens`.`id` = ? limit 1  
[2018-06-27 11:06:39] local.INFO: select * from `admins` where `id` = ? limit 1  
[2018-06-27 11:06:39] local.INFO: select * from `oauth_access_tokens` where `oauth_access_tokens`.`id` = ? limit 1  
[2018-06-27 11:06:39] local.INFO: select * from `oauth_clients` where `oauth_clients`.`id` = ? limit 1  
[2018-06-27 11:06:39] local.INFO: select * from `oauth_access_tokens` where `oauth_access_tokens`.`id` = ? limit 1  
[2018-06-27 11:06:39] local.INFO: select * from `users` where `id` = ? limit 1  
[2018-06-27 11:06:39] local.INFO: select * from `oauth_access_tokens` where `oauth_access_tokens`.`id` = ? limit 1  
[2018-06-27 11:06:39] local.INFO: select * from `oauth_clients` where `oauth_clients`.`id` = ? limit 1  
[2018-06-27 11:06:39] local.INFO: select * from `oauth_access_tokens` where `oauth_access_tokens`.`id` = ? limit 1  
[2018-06-27 11:06:39] local.INFO: select * from `admins` where `id` = ? limit 1  
[2018-06-27 11:06:39] local.INFO: select * from `oauth_access_tokens` where `oauth_access_tokens`.`id` = ? limit 1  
[2018-06-27 11:06:39] local.INFO: select * from `oauth_clients` where `oauth_clients`.`id` = ? limit 1  
[2018-06-27 11:06:39] local.INFO: select * from `oauth_access_tokens` where `oauth_access_tokens`.`id` = ? limit 1  
[2018-06-27 11:06:39] local.INFO: select * from `users` where `id` = ? limit 1  
[2018-06-27 11:06:39] local.INFO: select * from `oauth_access_tokens` where `oauth_access_tokens`.`id` = ? limit 1  
[2018-06-27 11:06:39] local.INFO: select * from `oauth_clients` where `oauth_clients`.`id` = ? limit 1  
[2018-06-27 11:06:39] local.INFO: select count(*) as aggregate from `information` where `information`.`deleted_at` is null  
[2018-06-27 11:06:39] local.INFO: select * from `information` where `information`.`deleted_at` is null limit 10 offset 0  
[2018-06-27 11:06:39] local.INFO: select * from `oauth_access_tokens` where `oauth_access_tokens`.`id` = ? limit 1  
[2018-06-27 11:06:39] local.INFO: select * from `users` where `id` = ? limit 1  
[2018-06-27 11:06:39] local.INFO: select * from `oauth_access_tokens` where `oauth_access_tokens`.`id` = ? limit 1  
[2018-06-27 11:06:39] local.INFO: select * from `oauth_clients` where `oauth_clients`.`id` = ? limit 1  
[2018-06-27 11:06:39] local.INFO: select * from `oauth_access_tokens` where `oauth_access_tokens`.`id` = ? limit 1  
[2018-06-27 11:06:39] local.INFO: select * from `admins` where `id` = ? limit 1  
[2018-06-27 11:06:39] local.INFO: select * from `oauth_access_tokens` where `oauth_access_tokens`.`id` = ? limit 1  
[2018-06-27 11:06:39] local.INFO: select * from `oauth_clients` where `oauth_clients`.`id` = ? limit 1  
[2018-06-27 11:07:21] local.INFO: select * from `oauth_access_tokens` where `oauth_access_tokens`.`id` = ? limit 1  
[2018-06-27 11:07:21] local.INFO: select * from `admins` where `id` = ? limit 1  
[2018-06-27 11:07:21] local.INFO: select * from `oauth_access_tokens` where `oauth_access_tokens`.`id` = ? limit 1  
[2018-06-27 11:07:21] local.INFO: select * from `oauth_clients` where `oauth_clients`.`id` = ? limit 1  
[2018-06-27 11:07:21] local.INFO: select * from `oauth_access_tokens` where `oauth_access_tokens`.`id` = ? limit 1  
[2018-06-27 11:07:21] local.INFO: select * from `users` where `id` = ? limit 1  
[2018-06-27 11:07:21] local.INFO: select * from `oauth_access_tokens` where `oauth_access_tokens`.`id` = ? limit 1  
[2018-06-27 11:07:21] local.INFO: select * from `oauth_clients` where `oauth_clients`.`id` = ? limit 1  
[2018-06-27 11:07:33] local.INFO: select * from `oauth_access_tokens` where `oauth_access_tokens`.`id` = ? limit 1  
[2018-06-27 11:07:33] local.INFO: select * from `admins` where `id` = ? limit 1  
[2018-06-27 11:07:33] local.INFO: select * from `oauth_access_tokens` where `oauth_access_tokens`.`id` = ? limit 1  
[2018-06-27 11:07:33] local.INFO: select * from `oauth_clients` where `oauth_clients`.`id` = ? limit 1  
[2018-06-27 11:07:33] local.INFO: select * from `oauth_access_tokens` where `oauth_access_tokens`.`id` = ? limit 1  
[2018-06-27 11:07:33] local.INFO: select * from `users` where `id` = ? limit 1  
[2018-06-27 11:07:33] local.INFO: select * from `oauth_access_tokens` where `oauth_access_tokens`.`id` = ? limit 1  
[2018-06-27 11:07:33] local.INFO: select * from `oauth_clients` where `oauth_clients`.`id` = ? limit 1  
=======
[2018-06-27 10:46:52] local.INFO: select * from `information` where `top` = ? and `information`.`deleted_at` is null order by `created_at` desc limit 3  
[2018-06-27 10:46:52] local.INFO: select * from `information` where `information`.`deleted_at` is null order by `click_num` desc, `created_at` desc limit 8  
[2018-06-27 10:46:52] local.ERROR: SQLSTATE[42000]: Syntax error or access violation: 1064 You have an error in your SQL syntax; check the manual that corresponds to your MySQL server version for the right syntax to use near ''Y-m-d')) as riqi from `information` where `information`.`deleted_at` is null gr' at line 1 (SQL: select (date(UNIX_TIMESTAMP(created_at),'Y-m-d')) as riqi from `information` where `information`.`deleted_at` is null group by (date(UNIX_TIMESTAMP(created_at),'Y-m-d')) order by `riqi` desc) {"exception":"[object] (Illuminate\\Database\\QueryException(code: 42000): SQLSTATE[42000]: Syntax error or access violation: 1064 You have an error in your SQL syntax; check the manual that corresponds to your MySQL server version for the right syntax to use near ''Y-m-d')) as riqi from `information` where `information`.`deleted_at` is null gr' at line 1 (SQL: select (date(UNIX_TIMESTAMP(created_at),'Y-m-d')) as riqi from `information` where `information`.`deleted_at` is null group by (date(UNIX_TIMESTAMP(created_at),'Y-m-d')) order by `riqi` desc) at /home/vagrant/CLW/vendor/laravel/framework/src/Illuminate/Database/Connection.php:664, Doctrine\\DBAL\\Driver\\PDOException(code: 42000): SQLSTATE[42000]: Syntax error or access violation: 1064 You have an error in your SQL syntax; check the manual that corresponds to your MySQL server version for the right syntax to use near ''Y-m-d')) as riqi from `information` where `information`.`deleted_at` is null gr' at line 1 at /home/vagrant/CLW/vendor/doctrine/dbal/lib/Doctrine/DBAL/Driver/PDOConnection.php:82, PDOException(code: 42000): SQLSTATE[42000]: Syntax error or access violation: 1064 You have an error in your SQL syntax; check the manual that corresponds to your MySQL server version for the right syntax to use near ''Y-m-d')) as riqi from `information` where `information`.`deleted_at` is null gr' at line 1 at /home/vagrant/CLW/vendor/doctrine/dbal/lib/Doctrine/DBAL/Driver/PDOConnection.php:80)
[stacktrace]
#0 /home/vagrant/CLW/vendor/laravel/framework/src/Illuminate/Database/Connection.php(624): Illuminate\\Database\\Connection->runQueryCallback('select (date(UN...', Array, Object(Closure))
#1 /home/vagrant/CLW/vendor/laravel/framework/src/Illuminate/Database/Connection.php(333): Illuminate\\Database\\Connection->run('select (date(UN...', Array, Object(Closure))
#2 /home/vagrant/CLW/vendor/laravel/framework/src/Illuminate/Database/Query/Builder.php(1719): Illuminate\\Database\\Connection->select('select (date(UN...', Array, true)
#3 /home/vagrant/CLW/vendor/laravel/framework/src/Illuminate/Database/Query/Builder.php(1704): Illuminate\\Database\\Query\\Builder->runSelect()
#4 /home/vagrant/CLW/vendor/laravel/framework/src/Illuminate/Database/Eloquent/Builder.php(483): Illuminate\\Database\\Query\\Builder->get(Array)
#5 /home/vagrant/CLW/vendor/laravel/framework/src/Illuminate/Database/Eloquent/Builder.php(467): Illuminate\\Database\\Eloquent\\Builder->getModels(Array)
#6 /home/vagrant/CLW/app/Repositories/InformationRepository.php(74): Illuminate\\Database\\Eloquent\\Builder->get()
#7 /home/vagrant/CLW/app/Http/Controllers/Pc/InformationController.php(17): App\\Repositories\\InformationRepository->getList()
#8 [internal function]: App\\Http\\Controllers\\PC\\InformationController->index(Object(App\\Repositories\\InformationRepository))
#9 /home/vagrant/CLW/vendor/laravel/framework/src/Illuminate/Routing/Controller.php(54): call_user_func_array(Array, Array)
#10 /home/vagrant/CLW/vendor/laravel/framework/src/Illuminate/Routing/ControllerDispatcher.php(45): Illuminate\\Routing\\Controller->callAction('index', Array)
#11 /home/vagrant/CLW/vendor/laravel/framework/src/Illuminate/Routing/Route.php(212): Illuminate\\Routing\\ControllerDispatcher->dispatch(Object(Illuminate\\Routing\\Route), Object(App\\Http\\Controllers\\PC\\InformationController), 'index')
#12 /home/vagrant/CLW/vendor/laravel/framework/src/Illuminate/Routing/Route.php(169): Illuminate\\Routing\\Route->runController()
#13 /home/vagrant/CLW/vendor/laravel/framework/src/Illuminate/Routing/Router.php(658): Illuminate\\Routing\\Route->run()
#14 /home/vagrant/CLW/vendor/laravel/framework/src/Illuminate/Routing/Pipeline.php(30): Illuminate\\Routing\\Router->Illuminate\\Routing\\{closure}(Object(Illuminate\\Http\\Request))
#15 /home/vagrant/CLW/vendor/laravel/framework/src/Illuminate/Routing/Middleware/SubstituteBindings.php(41): Illuminate\\Routing\\Pipeline->Illuminate\\Routing\\{closure}(Object(Illuminate\\Http\\Request))
#16 /home/vagrant/CLW/vendor/laravel/framework/src/Illuminate/Pipeline/Pipeline.php(149): Illuminate\\Routing\\Middleware\\SubstituteBindings->handle(Object(Illuminate\\Http\\Request), Object(Closure))
#17 /home/vagrant/CLW/vendor/laravel/framework/src/Illuminate/Routing/Pipeline.php(53): Illuminate\\Pipeline\\Pipeline->Illuminate\\Pipeline\\{closure}(Object(Illuminate\\Http\\Request))
#18 /home/vagrant/CLW/vendor/laravel/framework/src/Illuminate/Foundation/Http/Middleware/VerifyCsrfToken.php(67): Illuminate\\Routing\\Pipeline->Illuminate\\Routing\\{closure}(Object(Illuminate\\Http\\Request))
#19 /home/vagrant/CLW/vendor/laravel/framework/src/Illuminate/Pipeline/Pipeline.php(149): Illuminate\\Foundation\\Http\\Middleware\\VerifyCsrfToken->handle(Object(Illuminate\\Http\\Request), Object(Closure))
#20 /home/vagrant/CLW/vendor/laravel/framework/src/Illuminate/Routing/Pipeline.php(53): Illuminate\\Pipeline\\Pipeline->Illuminate\\Pipeline\\{closure}(Object(Illuminate\\Http\\Request))
#21 /home/vagrant/CLW/vendor/laravel/framework/src/Illuminate/View/Middleware/ShareErrorsFromSession.php(49): Illuminate\\Routing\\Pipeline->Illuminate\\Routing\\{closure}(Object(Illuminate\\Http\\Request))
#22 /home/vagrant/CLW/vendor/laravel/framework/src/Illuminate/Pipeline/Pipeline.php(149): Illuminate\\View\\Middleware\\ShareErrorsFromSession->handle(Object(Illuminate\\Http\\Request), Object(Closure))
#23 /home/vagrant/CLW/vendor/laravel/framework/src/Illuminate/Routing/Pipeline.php(53): Illuminate\\Pipeline\\Pipeline->Illuminate\\Pipeline\\{closure}(Object(Illuminate\\Http\\Request))
#24 /home/vagrant/CLW/vendor/laravel/framework/src/Illuminate/Session/Middleware/StartSession.php(63): Illuminate\\Routing\\Pipeline->Illuminate\\Routing\\{closure}(Object(Illuminate\\Http\\Request))
#25 /home/vagrant/CLW/vendor/laravel/framework/src/Illuminate/Pipeline/Pipeline.php(149): Illuminate\\Session\\Middleware\\StartSession->handle(Object(Illuminate\\Http\\Request), Object(Closure))
#26 /home/vagrant/CLW/vendor/laravel/framework/src/Illuminate/Routing/Pipeline.php(53): Illuminate\\Pipeline\\Pipeline->Illuminate\\Pipeline\\{closure}(Object(Illuminate\\Http\\Request))
#27 /home/vagrant/CLW/vendor/laravel/framework/src/Illuminate/Cookie/Middleware/AddQueuedCookiesToResponse.php(37): Illuminate\\Routing\\Pipeline->Illuminate\\Routing\\{closure}(Object(Illuminate\\Http\\Request))
#28 /home/vagrant/CLW/vendor/laravel/framework/src/Illuminate/Pipeline/Pipeline.php(149): Illuminate\\Cookie\\Middleware\\AddQueuedCookiesToResponse->handle(Object(Illuminate\\Http\\Request), Object(Closure))
#29 /home/vagrant/CLW/vendor/laravel/framework/src/Illuminate/Routing/Pipeline.php(53): Illuminate\\Pipeline\\Pipeline->Illuminate\\Pipeline\\{closure}(Object(Illuminate\\Http\\Request))
#30 /home/vagrant/CLW/vendor/laravel/framework/src/Illuminate/Cookie/Middleware/EncryptCookies.php(59): Illuminate\\Routing\\Pipeline->Illuminate\\Routing\\{closure}(Object(Illuminate\\Http\\Request))
#31 /home/vagrant/CLW/vendor/laravel/framework/src/Illuminate/Pipeline/Pipeline.php(149): Illuminate\\Cookie\\Middleware\\EncryptCookies->handle(Object(Illuminate\\Http\\Request), Object(Closure))
#32 /home/vagrant/CLW/vendor/laravel/framework/src/Illuminate/Routing/Pipeline.php(53): Illuminate\\Pipeline\\Pipeline->Illuminate\\Pipeline\\{closure}(Object(Illuminate\\Http\\Request))
#33 /home/vagrant/CLW/vendor/laravel/framework/src/Illuminate/Pipeline/Pipeline.php(102): Illuminate\\Routing\\Pipeline->Illuminate\\Routing\\{closure}(Object(Illuminate\\Http\\Request))
#34 /home/vagrant/CLW/vendor/laravel/framework/src/Illuminate/Routing/Router.php(660): Illuminate\\Pipeline\\Pipeline->then(Object(Closure))
#35 /home/vagrant/CLW/vendor/laravel/framework/src/Illuminate/Routing/Router.php(635): Illuminate\\Routing\\Router->runRouteWithinStack(Object(Illuminate\\Routing\\Route), Object(Illuminate\\Http\\Request))
#36 /home/vagrant/CLW/vendor/laravel/framework/src/Illuminate/Routing/Router.php(601): Illuminate\\Routing\\Router->runRoute(Object(Illuminate\\Http\\Request), Object(Illuminate\\Routing\\Route))
#37 /home/vagrant/CLW/vendor/laravel/framework/src/Illuminate/Routing/Router.php(590): Illuminate\\Routing\\Router->dispatchToRoute(Object(Illuminate\\Http\\Request))
#38 /home/vagrant/CLW/vendor/laravel/framework/src/Illuminate/Foundation/Http/Kernel.php(176): Illuminate\\Routing\\Router->dispatch(Object(Illuminate\\Http\\Request))
#39 /home/vagrant/CLW/vendor/laravel/framework/src/Illuminate/Routing/Pipeline.php(30): Illuminate\\Foundation\\Http\\Kernel->Illuminate\\Foundation\\Http\\{closure}(Object(Illuminate\\Http\\Request))
#40 /home/vagrant/CLW/vendor/barryvdh/laravel-debugbar/src/Middleware/InjectDebugbar.php(58): Illuminate\\Routing\\Pipeline->Illuminate\\Routing\\{closure}(Object(Illuminate\\Http\\Request))
#41 /home/vagrant/CLW/vendor/laravel/framework/src/Illuminate/Pipeline/Pipeline.php(149): Barryvdh\\Debugbar\\Middleware\\InjectDebugbar->handle(Object(Illuminate\\Http\\Request), Object(Closure))
#42 /home/vagrant/CLW/vendor/laravel/framework/src/Illuminate/Routing/Pipeline.php(53): Illuminate\\Pipeline\\Pipeline->Illuminate\\Pipeline\\{closure}(Object(Illuminate\\Http\\Request))
#43 /home/vagrant/CLW/vendor/fideloper/proxy/src/TrustProxies.php(56): Illuminate\\Routing\\Pipeline->Illuminate\\Routing\\{closure}(Object(Illuminate\\Http\\Request))
#44 /home/vagrant/CLW/vendor/laravel/framework/src/Illuminate/Pipeline/Pipeline.php(149): Fideloper\\Proxy\\TrustProxies->handle(Object(Illuminate\\Http\\Request), Object(Closure))
#45 /home/vagrant/CLW/vendor/laravel/framework/src/Illuminate/Routing/Pipeline.php(53): Illuminate\\Pipeline\\Pipeline->Illuminate\\Pipeline\\{closure}(Object(Illuminate\\Http\\Request))
#46 /home/vagrant/CLW/vendor/laravel/framework/src/Illuminate/Foundation/Http/Middleware/TransformsRequest.php(30): Illuminate\\Routing\\Pipeline->Illuminate\\Routing\\{closure}(Object(Illuminate\\Http\\Request))
#47 /home/vagrant/CLW/vendor/laravel/framework/src/Illuminate/Pipeline/Pipeline.php(149): Illuminate\\Foundation\\Http\\Middleware\\TransformsRequest->handle(Object(Illuminate\\Http\\Request), Object(Closure))
#48 /home/vagrant/CLW/vendor/laravel/framework/src/Illuminate/Routing/Pipeline.php(53): Illuminate\\Pipeline\\Pipeline->Illuminate\\Pipeline\\{closure}(Object(Illuminate\\Http\\Request))
#49 /home/vagrant/CLW/vendor/laravel/framework/src/Illuminate/Foundation/Http/Middleware/TransformsRequest.php(30): Illuminate\\Routing\\Pipeline->Illuminate\\Routing\\{closure}(Object(Illuminate\\Http\\Request))
#50 /home/vagrant/CLW/vendor/laravel/framework/src/Illuminate/Pipeline/Pipeline.php(149): Illuminate\\Foundation\\Http\\Middleware\\TransformsRequest->handle(Object(Illuminate\\Http\\Request), Object(Closure))
#51 /home/vagrant/CLW/vendor/laravel/framework/src/Illuminate/Routing/Pipeline.php(53): Illuminate\\Pipeline\\Pipeline->Illuminate\\Pipeline\\{closure}(Object(Illuminate\\Http\\Request))
#52 /home/vagrant/CLW/vendor/laravel/framework/src/Illuminate/Foundation/Http/Middleware/ValidatePostSize.php(27): Illuminate\\Routing\\Pipeline->Illuminate\\Routing\\{closure}(Object(Illuminate\\Http\\Request))
#53 /home/vagrant/CLW/vendor/laravel/framework/src/Illuminate/Pipeline/Pipeline.php(149): Illuminate\\Foundation\\Http\\Middleware\\ValidatePostSize->handle(Object(Illuminate\\Http\\Request), Object(Closure))
#54 /home/vagrant/CLW/vendor/laravel/framework/src/Illuminate/Routing/Pipeline.php(53): Illuminate\\Pipeline\\Pipeline->Illuminate\\Pipeline\\{closure}(Object(Illuminate\\Http\\Request))
#55 /home/vagrant/CLW/vendor/laravel/framework/src/Illuminate/Foundation/Http/Middleware/CheckForMaintenanceMode.php(46): Illuminate\\Routing\\Pipeline->Illuminate\\Routing\\{closure}(Object(Illuminate\\Http\\Request))
#56 /home/vagrant/CLW/vendor/laravel/framework/src/Illuminate/Pipeline/Pipeline.php(149): Illuminate\\Foundation\\Http\\Middleware\\CheckForMaintenanceMode->handle(Object(Illuminate\\Http\\Request), Object(Closure))
#57 /home/vagrant/CLW/vendor/laravel/framework/src/Illuminate/Routing/Pipeline.php(53): Illuminate\\Pipeline\\Pipeline->Illuminate\\Pipeline\\{closure}(Object(Illuminate\\Http\\Request))
#58 /home/vagrant/CLW/vendor/laravel/framework/src/Illuminate/Pipeline/Pipeline.php(102): Illuminate\\Routing\\Pipeline->Illuminate\\Routing\\{closure}(Object(Illuminate\\Http\\Request))
#59 /home/vagrant/CLW/vendor/laravel/framework/src/Illuminate/Foundation/Http/Kernel.php(151): Illuminate\\Pipeline\\Pipeline->then(Object(Closure))
#60 /home/vagrant/CLW/vendor/laravel/framework/src/Illuminate/Foundation/Http/Kernel.php(116): Illuminate\\Foundation\\Http\\Kernel->sendRequestThroughRouter(Object(Illuminate\\Http\\Request))
#61 /home/vagrant/CLW/public/index.php(55): Illuminate\\Foundation\\Http\\Kernel->handle(Object(Illuminate\\Http\\Request))
#62 {main}
"} 
[2018-06-27 10:46:52] local.INFO: select `employee_id` from `accept_messages` where `type` = ?  
[2018-06-27 10:46:52] local.INFO: select `openid` from `employees` where 0 = 1  
[2018-06-27 10:48:08] local.INFO: select * from `information` where `top` = ? and `information`.`deleted_at` is null order by `created_at` desc limit 3  
[2018-06-27 10:48:08] local.INFO: select * from `information` where `information`.`deleted_at` is null order by `click_num` desc, `created_at` desc limit 8  
[2018-06-27 10:48:08] local.INFO: select (FROM_UNIXTIME(UNIX_TIMESTAMP(created_at),'Y-m-d')) as riqi from `information` where `information`.`deleted_at` is null group by (FROM_UNIXTIME(UNIX_TIMESTAMP(created_at),'Y-m-d')) order by `riqi` desc  
[2018-06-27 10:48:40] local.INFO: select * from `information` where `top` = ? and `information`.`deleted_at` is null order by `created_at` desc limit 3  
[2018-06-27 10:48:40] local.INFO: select * from `information` where `information`.`deleted_at` is null order by `click_num` desc, `created_at` desc limit 8  
[2018-06-27 10:48:40] local.INFO: select (FROM_UNIXTIME(UNIX_TIMESTAMP(created_at),'Y-m-d')) as riqi from `information` where `information`.`deleted_at` is null  
[2018-06-27 10:49:20] local.INFO: select * from `information` where `top` = ? and `information`.`deleted_at` is null order by `created_at` desc limit 3  
[2018-06-27 10:49:20] local.INFO: select * from `information` where `information`.`deleted_at` is null order by `click_num` desc, `created_at` desc limit 8  
[2018-06-27 10:49:20] local.INFO: select (FROM_UNIXTIME(UNIX_TIMESTAMP(created_at),'%Y-%m-%d')) as riqi from `information` where `information`.`deleted_at` is null  
[2018-06-27 10:49:30] local.INFO: select * from `information` where `top` = ? and `information`.`deleted_at` is null order by `created_at` desc limit 3  
[2018-06-27 10:49:30] local.INFO: select * from `information` where `information`.`deleted_at` is null order by `click_num` desc, `created_at` desc limit 8  
[2018-06-27 10:49:30] local.ERROR: SQLSTATE[42000]: Syntax error or access violation: 1055 Expression #1 of SELECT list is not in GROUP BY clause and contains nonaggregated column 'CLW.information.created_at' which is not functionally dependent on columns in GROUP BY clause; this is incompatible with sql_mode=only_full_group_by (SQL: select (FROM_UNIXTIME(UNIX_TIMESTAMP(created_at),'%Y-%m-%d')) as riqi from `information` where `information`.`deleted_at` is null group by (FROM_UNIXTIME(UNIX_TIMESTAMP(created_at),'Y-m-d')) order by `riqi` desc) {"exception":"[object] (Illuminate\\Database\\QueryException(code: 42000): SQLSTATE[42000]: Syntax error or access violation: 1055 Expression #1 of SELECT list is not in GROUP BY clause and contains nonaggregated column 'CLW.information.created_at' which is not functionally dependent on columns in GROUP BY clause; this is incompatible with sql_mode=only_full_group_by (SQL: select (FROM_UNIXTIME(UNIX_TIMESTAMP(created_at),'%Y-%m-%d')) as riqi from `information` where `information`.`deleted_at` is null group by (FROM_UNIXTIME(UNIX_TIMESTAMP(created_at),'Y-m-d')) order by `riqi` desc) at /home/vagrant/CLW/vendor/laravel/framework/src/Illuminate/Database/Connection.php:664, Doctrine\\DBAL\\Driver\\PDOException(code: 42000): SQLSTATE[42000]: Syntax error or access violation: 1055 Expression #1 of SELECT list is not in GROUP BY clause and contains nonaggregated column 'CLW.information.created_at' which is not functionally dependent on columns in GROUP BY clause; this is incompatible with sql_mode=only_full_group_by at /home/vagrant/CLW/vendor/doctrine/dbal/lib/Doctrine/DBAL/Driver/PDOConnection.php:82, PDOException(code: 42000): SQLSTATE[42000]: Syntax error or access violation: 1055 Expression #1 of SELECT list is not in GROUP BY clause and contains nonaggregated column 'CLW.information.created_at' which is not functionally dependent on columns in GROUP BY clause; this is incompatible with sql_mode=only_full_group_by at /home/vagrant/CLW/vendor/doctrine/dbal/lib/Doctrine/DBAL/Driver/PDOConnection.php:80)
[stacktrace]
#0 /home/vagrant/CLW/vendor/laravel/framework/src/Illuminate/Database/Connection.php(624): Illuminate\\Database\\Connection->runQueryCallback('select (FROM_UN...', Array, Object(Closure))
#1 /home/vagrant/CLW/vendor/laravel/framework/src/Illuminate/Database/Connection.php(333): Illuminate\\Database\\Connection->run('select (FROM_UN...', Array, Object(Closure))
#2 /home/vagrant/CLW/vendor/laravel/framework/src/Illuminate/Database/Query/Builder.php(1719): Illuminate\\Database\\Connection->select('select (FROM_UN...', Array, true)
#3 /home/vagrant/CLW/vendor/laravel/framework/src/Illuminate/Database/Query/Builder.php(1704): Illuminate\\Database\\Query\\Builder->runSelect()
#4 /home/vagrant/CLW/vendor/laravel/framework/src/Illuminate/Database/Eloquent/Builder.php(483): Illuminate\\Database\\Query\\Builder->get(Array)
#5 /home/vagrant/CLW/vendor/laravel/framework/src/Illuminate/Database/Eloquent/Builder.php(467): Illuminate\\Database\\Eloquent\\Builder->getModels(Array)
#6 /home/vagrant/CLW/app/Repositories/InformationRepository.php(74): Illuminate\\Database\\Eloquent\\Builder->get()
#7 /home/vagrant/CLW/app/Http/Controllers/Pc/InformationController.php(17): App\\Repositories\\InformationRepository->getList()
#8 [internal function]: App\\Http\\Controllers\\PC\\InformationController->index(Object(App\\Repositories\\InformationRepository))
#9 /home/vagrant/CLW/vendor/laravel/framework/src/Illuminate/Routing/Controller.php(54): call_user_func_array(Array, Array)
#10 /home/vagrant/CLW/vendor/laravel/framework/src/Illuminate/Routing/ControllerDispatcher.php(45): Illuminate\\Routing\\Controller->callAction('index', Array)
#11 /home/vagrant/CLW/vendor/laravel/framework/src/Illuminate/Routing/Route.php(212): Illuminate\\Routing\\ControllerDispatcher->dispatch(Object(Illuminate\\Routing\\Route), Object(App\\Http\\Controllers\\PC\\InformationController), 'index')
#12 /home/vagrant/CLW/vendor/laravel/framework/src/Illuminate/Routing/Route.php(169): Illuminate\\Routing\\Route->runController()
#13 /home/vagrant/CLW/vendor/laravel/framework/src/Illuminate/Routing/Router.php(658): Illuminate\\Routing\\Route->run()
#14 /home/vagrant/CLW/vendor/laravel/framework/src/Illuminate/Routing/Pipeline.php(30): Illuminate\\Routing\\Router->Illuminate\\Routing\\{closure}(Object(Illuminate\\Http\\Request))
#15 /home/vagrant/CLW/vendor/laravel/framework/src/Illuminate/Routing/Middleware/SubstituteBindings.php(41): Illuminate\\Routing\\Pipeline->Illuminate\\Routing\\{closure}(Object(Illuminate\\Http\\Request))
#16 /home/vagrant/CLW/vendor/laravel/framework/src/Illuminate/Pipeline/Pipeline.php(149): Illuminate\\Routing\\Middleware\\SubstituteBindings->handle(Object(Illuminate\\Http\\Request), Object(Closure))
#17 /home/vagrant/CLW/vendor/laravel/framework/src/Illuminate/Routing/Pipeline.php(53): Illuminate\\Pipeline\\Pipeline->Illuminate\\Pipeline\\{closure}(Object(Illuminate\\Http\\Request))
#18 /home/vagrant/CLW/vendor/laravel/framework/src/Illuminate/Foundation/Http/Middleware/VerifyCsrfToken.php(67): Illuminate\\Routing\\Pipeline->Illuminate\\Routing\\{closure}(Object(Illuminate\\Http\\Request))
#19 /home/vagrant/CLW/vendor/laravel/framework/src/Illuminate/Pipeline/Pipeline.php(149): Illuminate\\Foundation\\Http\\Middleware\\VerifyCsrfToken->handle(Object(Illuminate\\Http\\Request), Object(Closure))
#20 /home/vagrant/CLW/vendor/laravel/framework/src/Illuminate/Routing/Pipeline.php(53): Illuminate\\Pipeline\\Pipeline->Illuminate\\Pipeline\\{closure}(Object(Illuminate\\Http\\Request))
#21 /home/vagrant/CLW/vendor/laravel/framework/src/Illuminate/View/Middleware/ShareErrorsFromSession.php(49): Illuminate\\Routing\\Pipeline->Illuminate\\Routing\\{closure}(Object(Illuminate\\Http\\Request))
#22 /home/vagrant/CLW/vendor/laravel/framework/src/Illuminate/Pipeline/Pipeline.php(149): Illuminate\\View\\Middleware\\ShareErrorsFromSession->handle(Object(Illuminate\\Http\\Request), Object(Closure))
#23 /home/vagrant/CLW/vendor/laravel/framework/src/Illuminate/Routing/Pipeline.php(53): Illuminate\\Pipeline\\Pipeline->Illuminate\\Pipeline\\{closure}(Object(Illuminate\\Http\\Request))
#24 /home/vagrant/CLW/vendor/laravel/framework/src/Illuminate/Session/Middleware/StartSession.php(63): Illuminate\\Routing\\Pipeline->Illuminate\\Routing\\{closure}(Object(Illuminate\\Http\\Request))
#25 /home/vagrant/CLW/vendor/laravel/framework/src/Illuminate/Pipeline/Pipeline.php(149): Illuminate\\Session\\Middleware\\StartSession->handle(Object(Illuminate\\Http\\Request), Object(Closure))
#26 /home/vagrant/CLW/vendor/laravel/framework/src/Illuminate/Routing/Pipeline.php(53): Illuminate\\Pipeline\\Pipeline->Illuminate\\Pipeline\\{closure}(Object(Illuminate\\Http\\Request))
#27 /home/vagrant/CLW/vendor/laravel/framework/src/Illuminate/Cookie/Middleware/AddQueuedCookiesToResponse.php(37): Illuminate\\Routing\\Pipeline->Illuminate\\Routing\\{closure}(Object(Illuminate\\Http\\Request))
#28 /home/vagrant/CLW/vendor/laravel/framework/src/Illuminate/Pipeline/Pipeline.php(149): Illuminate\\Cookie\\Middleware\\AddQueuedCookiesToResponse->handle(Object(Illuminate\\Http\\Request), Object(Closure))
#29 /home/vagrant/CLW/vendor/laravel/framework/src/Illuminate/Routing/Pipeline.php(53): Illuminate\\Pipeline\\Pipeline->Illuminate\\Pipeline\\{closure}(Object(Illuminate\\Http\\Request))
#30 /home/vagrant/CLW/vendor/laravel/framework/src/Illuminate/Cookie/Middleware/EncryptCookies.php(59): Illuminate\\Routing\\Pipeline->Illuminate\\Routing\\{closure}(Object(Illuminate\\Http\\Request))
#31 /home/vagrant/CLW/vendor/laravel/framework/src/Illuminate/Pipeline/Pipeline.php(149): Illuminate\\Cookie\\Middleware\\EncryptCookies->handle(Object(Illuminate\\Http\\Request), Object(Closure))
#32 /home/vagrant/CLW/vendor/laravel/framework/src/Illuminate/Routing/Pipeline.php(53): Illuminate\\Pipeline\\Pipeline->Illuminate\\Pipeline\\{closure}(Object(Illuminate\\Http\\Request))
#33 /home/vagrant/CLW/vendor/laravel/framework/src/Illuminate/Pipeline/Pipeline.php(102): Illuminate\\Routing\\Pipeline->Illuminate\\Routing\\{closure}(Object(Illuminate\\Http\\Request))
#34 /home/vagrant/CLW/vendor/laravel/framework/src/Illuminate/Routing/Router.php(660): Illuminate\\Pipeline\\Pipeline->then(Object(Closure))
#35 /home/vagrant/CLW/vendor/laravel/framework/src/Illuminate/Routing/Router.php(635): Illuminate\\Routing\\Router->runRouteWithinStack(Object(Illuminate\\Routing\\Route), Object(Illuminate\\Http\\Request))
#36 /home/vagrant/CLW/vendor/laravel/framework/src/Illuminate/Routing/Router.php(601): Illuminate\\Routing\\Router->runRoute(Object(Illuminate\\Http\\Request), Object(Illuminate\\Routing\\Route))
#37 /home/vagrant/CLW/vendor/laravel/framework/src/Illuminate/Routing/Router.php(590): Illuminate\\Routing\\Router->dispatchToRoute(Object(Illuminate\\Http\\Request))
#38 /home/vagrant/CLW/vendor/laravel/framework/src/Illuminate/Foundation/Http/Kernel.php(176): Illuminate\\Routing\\Router->dispatch(Object(Illuminate\\Http\\Request))
#39 /home/vagrant/CLW/vendor/laravel/framework/src/Illuminate/Routing/Pipeline.php(30): Illuminate\\Foundation\\Http\\Kernel->Illuminate\\Foundation\\Http\\{closure}(Object(Illuminate\\Http\\Request))
#40 /home/vagrant/CLW/vendor/barryvdh/laravel-debugbar/src/Middleware/InjectDebugbar.php(58): Illuminate\\Routing\\Pipeline->Illuminate\\Routing\\{closure}(Object(Illuminate\\Http\\Request))
#41 /home/vagrant/CLW/vendor/laravel/framework/src/Illuminate/Pipeline/Pipeline.php(149): Barryvdh\\Debugbar\\Middleware\\InjectDebugbar->handle(Object(Illuminate\\Http\\Request), Object(Closure))
#42 /home/vagrant/CLW/vendor/laravel/framework/src/Illuminate/Routing/Pipeline.php(53): Illuminate\\Pipeline\\Pipeline->Illuminate\\Pipeline\\{closure}(Object(Illuminate\\Http\\Request))
#43 /home/vagrant/CLW/vendor/fideloper/proxy/src/TrustProxies.php(56): Illuminate\\Routing\\Pipeline->Illuminate\\Routing\\{closure}(Object(Illuminate\\Http\\Request))
#44 /home/vagrant/CLW/vendor/laravel/framework/src/Illuminate/Pipeline/Pipeline.php(149): Fideloper\\Proxy\\TrustProxies->handle(Object(Illuminate\\Http\\Request), Object(Closure))
#45 /home/vagrant/CLW/vendor/laravel/framework/src/Illuminate/Routing/Pipeline.php(53): Illuminate\\Pipeline\\Pipeline->Illuminate\\Pipeline\\{closure}(Object(Illuminate\\Http\\Request))
#46 /home/vagrant/CLW/vendor/laravel/framework/src/Illuminate/Foundation/Http/Middleware/TransformsRequest.php(30): Illuminate\\Routing\\Pipeline->Illuminate\\Routing\\{closure}(Object(Illuminate\\Http\\Request))
#47 /home/vagrant/CLW/vendor/laravel/framework/src/Illuminate/Pipeline/Pipeline.php(149): Illuminate\\Foundation\\Http\\Middleware\\TransformsRequest->handle(Object(Illuminate\\Http\\Request), Object(Closure))
#48 /home/vagrant/CLW/vendor/laravel/framework/src/Illuminate/Routing/Pipeline.php(53): Illuminate\\Pipeline\\Pipeline->Illuminate\\Pipeline\\{closure}(Object(Illuminate\\Http\\Request))
#49 /home/vagrant/CLW/vendor/laravel/framework/src/Illuminate/Foundation/Http/Middleware/TransformsRequest.php(30): Illuminate\\Routing\\Pipeline->Illuminate\\Routing\\{closure}(Object(Illuminate\\Http\\Request))
#50 /home/vagrant/CLW/vendor/laravel/framework/src/Illuminate/Pipeline/Pipeline.php(149): Illuminate\\Foundation\\Http\\Middleware\\TransformsRequest->handle(Object(Illuminate\\Http\\Request), Object(Closure))
#51 /home/vagrant/CLW/vendor/laravel/framework/src/Illuminate/Routing/Pipeline.php(53): Illuminate\\Pipeline\\Pipeline->Illuminate\\Pipeline\\{closure}(Object(Illuminate\\Http\\Request))
#52 /home/vagrant/CLW/vendor/laravel/framework/src/Illuminate/Foundation/Http/Middleware/ValidatePostSize.php(27): Illuminate\\Routing\\Pipeline->Illuminate\\Routing\\{closure}(Object(Illuminate\\Http\\Request))
#53 /home/vagrant/CLW/vendor/laravel/framework/src/Illuminate/Pipeline/Pipeline.php(149): Illuminate\\Foundation\\Http\\Middleware\\ValidatePostSize->handle(Object(Illuminate\\Http\\Request), Object(Closure))
#54 /home/vagrant/CLW/vendor/laravel/framework/src/Illuminate/Routing/Pipeline.php(53): Illuminate\\Pipeline\\Pipeline->Illuminate\\Pipeline\\{closure}(Object(Illuminate\\Http\\Request))
#55 /home/vagrant/CLW/vendor/laravel/framework/src/Illuminate/Foundation/Http/Middleware/CheckForMaintenanceMode.php(46): Illuminate\\Routing\\Pipeline->Illuminate\\Routing\\{closure}(Object(Illuminate\\Http\\Request))
#56 /home/vagrant/CLW/vendor/laravel/framework/src/Illuminate/Pipeline/Pipeline.php(149): Illuminate\\Foundation\\Http\\Middleware\\CheckForMaintenanceMode->handle(Object(Illuminate\\Http\\Request), Object(Closure))
#57 /home/vagrant/CLW/vendor/laravel/framework/src/Illuminate/Routing/Pipeline.php(53): Illuminate\\Pipeline\\Pipeline->Illuminate\\Pipeline\\{closure}(Object(Illuminate\\Http\\Request))
#58 /home/vagrant/CLW/vendor/laravel/framework/src/Illuminate/Pipeline/Pipeline.php(102): Illuminate\\Routing\\Pipeline->Illuminate\\Routing\\{closure}(Object(Illuminate\\Http\\Request))
#59 /home/vagrant/CLW/vendor/laravel/framework/src/Illuminate/Foundation/Http/Kernel.php(151): Illuminate\\Pipeline\\Pipeline->then(Object(Closure))
#60 /home/vagrant/CLW/vendor/laravel/framework/src/Illuminate/Foundation/Http/Kernel.php(116): Illuminate\\Foundation\\Http\\Kernel->sendRequestThroughRouter(Object(Illuminate\\Http\\Request))
#61 /home/vagrant/CLW/public/index.php(55): Illuminate\\Foundation\\Http\\Kernel->handle(Object(Illuminate\\Http\\Request))
#62 {main}
"} 
[2018-06-27 10:49:30] local.INFO: select `employee_id` from `accept_messages` where `type` = ?  
[2018-06-27 10:49:30] local.INFO: select `openid` from `employees` where 0 = 1  
[2018-06-27 10:49:42] local.INFO: select * from `information` where `top` = ? and `information`.`deleted_at` is null order by `created_at` desc limit 3  
[2018-06-27 10:49:42] local.INFO: select * from `information` where `information`.`deleted_at` is null order by `click_num` desc, `created_at` desc limit 8  
[2018-06-27 10:49:42] local.INFO: select (FROM_UNIXTIME(UNIX_TIMESTAMP(created_at),'%Y-%m-%d')) as riqi from `information` where `information`.`deleted_at` is null group by (FROM_UNIXTIME(UNIX_TIMESTAMP(created_at),'%Y-%m-%d')) order by `riqi` desc  
[2018-06-27 10:52:04] local.INFO: select * from `information` where `top` = ? and `information`.`deleted_at` is null order by `created_at` desc limit 3  
[2018-06-27 10:52:04] local.INFO: select * from `information` where `information`.`deleted_at` is null order by `click_num` desc, `created_at` desc limit 8  
[2018-06-27 10:52:04] local.INFO: select FROM_UNIXTIME(UNIX_TIMESTAMP(created_at),'%Y-%m-%d') as riqi from `information` where `information`.`deleted_at` is null group by FROM_UNIXTIME(UNIX_TIMESTAMP(created_at),'%Y-%m-%d') order by `riqi` desc limit 10  
>>>>>>> origin/lkt
